#
# A fatal error has been detected by the Java Runtime Environment:
#
#  Internal Error (safepoint.cpp:919), pid=7410, tid=38407
#  fatal error: Illegal threadstate encountered: 4
#
# JRE version: Java(TM) SE Runtime Environment 18.9 (11.0.13+10) (build 11.0.13+10-LTS-370)
# Java VM: Java HotSpot(TM) 64-Bit Server VM 18.9 (11.0.13+10-LTS-370, mixed mode, tiered, compressed oops, g1 gc, bsd-amd64)
# No core dump will be written. Core dumps have been disabled. To enable core dumping, try "ulimit -c unlimited" before starting Java again
#
# If you would like to submit a bug report, please visit:
#   https://bugreport.java.com/bugreport/crash.jsp
# The crash happened outside the Java Virtual Machine in native code.
# See problematic frame for where to report the bug.
#

---------------  S U M M A R Y ------------

Command Line: --module-path=/Users/maratisaw/lib/javafx-sdk-11.0.2/lib --add-modules=javafx.controls,javafx.fxml -Dfile.encoding=UTF-8 pkgMain.MainApp

Host: iMac16,2 x86_64 2800 MHz, 4 cores, 8G, Darwin 21.2.0
Time: Fri Feb  4 19:48:35 2022 CET elapsed time: 524.875840 seconds (0d 0h 8m 44s)

---------------  T H R E A D  ---------------

Current thread (0x00007fc13315d000):  JavaThread "InvokeLaterDispatcher" daemon [_thread_in_native, id=38407, stack(0x0000700005c9e000,0x0000700005d9e000)]

Stack: [0x0000700005c9e000,0x0000700005d9e000],  sp=0x0000700005d9c2e0,  free space=1016k
Native frames: (J=compiled Java code, j=interpreted, Vv=VM code, C=native code)
V  [libjvm.dylib+0x786e36]  _ZN7VMError14report_and_dieEiPKcS1_P13__va_list_tagP6ThreadPhPvS7_S1_im+0x54c
V  [libjvm.dylib+0x25569c]  _Z12report_fatal11VMErrorTypePKciS1_z+0xbc
V  [libjvm.dylib+0x6a723c]  _ZN20SafepointSynchronize5blockEP10JavaThread+0x1d8
V  [libjvm.dylib+0x6a8da5]  _ZN18SafepointMechanism23block_if_requested_slowEP10JavaThread+0x1d
V  [libjvm.dylib+0x736692]  _ZN10JavaThread44check_safepoint_and_suspend_for_native_transEPS_+0x9c
V  [libjvm.dylib+0x3ce004]  jni_DeleteGlobalRef+0x91
C  [libglass.dylib+0x8851]  -[GlassRunnable dealloc]+0x31
C  [Foundation+0x80e9b]  -[_NSThreadPerformInfo dealloc]+0x2a
C  [Foundation+0x4dcc7]  -[NSObject(NSThreadPerformAdditions) performSelectorOnMainThread:withObject:waitUntilDone:]+0x7c
J 3780  com.sun.glass.ui.mac.MacApplication._submitForLaterInvocation(Ljava/lang/Runnable;)V javafx.graphics (0 bytes) @ 0x000000011acc6b8f [0x000000011acc6ac0+0x00000000000000cf]
J 3569 c1 com.sun.glass.ui.mac.MacApplication.submitForLaterInvocation(Ljava/lang/Runnable;)V javafx.graphics (6 bytes) @ 0x0000000113c49334 [0x0000000113c492c0+0x0000000000000074]
j  com.sun.glass.ui.InvokeLaterDispatcher.run()V+82 javafx.graphics
v  ~StubRoutines::call_stub
V  [libjvm.dylib+0x38f493]  _ZN9JavaCalls11call_helperEP9JavaValueRK12methodHandleP17JavaCallArgumentsP6Thread+0x207
V  [libjvm.dylib+0x38e90b]  _ZN9JavaCalls12call_virtualEP9JavaValueP5KlassP6SymbolS5_P17JavaCallArgumentsP6Thread+0xe9
V  [libjvm.dylib+0x38e9c6]  _ZN9JavaCalls12call_virtualEP9JavaValue6HandleP5KlassP6SymbolS6_P6Thread+0x62
V  [libjvm.dylib+0x4168d3]  _ZL12thread_entryP10JavaThreadP6Thread+0x78
V  [libjvm.dylib+0x7350f6]  _ZN10JavaThread17thread_main_innerEv+0x82
V  [libjvm.dylib+0x734f47]  _ZN10JavaThread3runEv+0x121
V  [libjvm.dylib+0x732e0a]  _ZN6Thread8call_runEv+0x68
V  [libjvm.dylib+0x638a52]  _ZL19thread_native_entryP6Thread+0x136
C  [libsystem_pthread.dylib+0x64f4]  _pthread_start+0x7d
C  [libsystem_pthread.dylib+0x200f]  thread_start+0xf

Java frames: (J=compiled Java code, j=interpreted, Vv=VM code)
J 3780  com.sun.glass.ui.mac.MacApplication._submitForLaterInvocation(Ljava/lang/Runnable;)V javafx.graphics (0 bytes) @ 0x000000011acc6b1c [0x000000011acc6ac0+0x000000000000005c]
J 3569 c1 com.sun.glass.ui.mac.MacApplication.submitForLaterInvocation(Ljava/lang/Runnable;)V javafx.graphics (6 bytes) @ 0x0000000113c49334 [0x0000000113c492c0+0x0000000000000074]
j  com.sun.glass.ui.InvokeLaterDispatcher.run()V+82 javafx.graphics
v  ~StubRoutines::call_stub

---------------  P R O C E S S  ---------------

Threads class SMR info:
_java_thread_list=0x00006000014316c0, length=16, elements={
0x00007fc133813000, 0x00007fc13305a800, 0x00007fc13180d800, 0x00007fc13281f800,
0x00007fc132824800, 0x00007fc132825800, 0x00007fc131834000, 0x00007fc13305f000,
0x00007fc1330d9800, 0x00007fc1338f2000, 0x00007fc13315d000, 0x00007fc133160000,
0x00007fc131a59800, 0x00007fc1329cc000, 0x00007fc1334aa000, 0x00007fc131b79800
}

Java Threads: ( => current thread )
  0x00007fc133813000 JavaThread "main" [_thread_blocked, id=6403, stack(0x0000700004a65000,0x0000700004b65000)]
  0x00007fc13305a800 JavaThread "Reference Handler" daemon [_thread_blocked, id=14339, stack(0x000070000517a000,0x000070000527a000)]
  0x00007fc13180d800 JavaThread "Finalizer" daemon [_thread_blocked, id=14595, stack(0x000070000527d000,0x000070000537d000)]
  0x00007fc13281f800 JavaThread "Signal Dispatcher" daemon [_thread_blocked, id=17411, stack(0x0000700005486000,0x0000700005586000)]
  0x00007fc132824800 JavaThread "Service Thread" daemon [_thread_blocked, id=21763, stack(0x0000700005589000,0x0000700005689000)]
  0x00007fc132825800 JavaThread "C2 CompilerThread0" daemon [_thread_in_native, id=22019, stack(0x000070000568c000,0x000070000578c000)]
  0x00007fc131834000 JavaThread "C1 CompilerThread0" daemon [_thread_blocked, id=42755, stack(0x000070000578f000,0x000070000588f000)]
  0x00007fc13305f000 JavaThread "Sweeper thread" daemon [_thread_blocked, id=23299, stack(0x0000700005892000,0x0000700005992000)]
  0x00007fc1330d9800 JavaThread "Common-Cleaner" daemon [_thread_blocked, id=23555, stack(0x0000700005995000,0x0000700005a95000)]
  0x00007fc1338f2000 JavaThread "QuantumRenderer-0" daemon [_thread_blocked, id=24323, stack(0x0000700005b9b000,0x0000700005c9b000)]
=>0x00007fc13315d000 JavaThread "InvokeLaterDispatcher" daemon [_thread_in_native, id=38407, stack(0x0000700005c9e000,0x0000700005d9e000)]
  0x00007fc133160000 JavaThread "JavaFX Application Thread" [_thread_in_native_trans, id=259, stack(0x00007ff7b98c8000,0x00007ff7ba0c8000)]
  0x00007fc131a59800 JavaThread "Thread-2" daemon [_thread_in_native, id=83215, stack(0x00007000060aa000,0x000070000612a000)]
  0x00007fc1329cc000 JavaThread "JavaFX-Launcher" [_thread_blocked, id=77827, stack(0x0000700006233000,0x0000700006333000)]
  0x00007fc1334aa000 JavaThread "Prism Font Disposer" daemon [_thread_blocked, id=56351, stack(0x000070000643c000,0x000070000653c000)]
  0x00007fc131b79800 JavaThread "Cleaner-0" daemon [_thread_blocked, id=66563, stack(0x000070000653f000,0x000070000663f000)]

Other Threads:
  0x00007fc132822000 VMThread "VM Thread" [stack: 0x0000700005077000,0x0000700005177000] [id=14083]
  0x00007fc1338f1800 WatcherThread [stack: 0x0000700005a98000,0x0000700005b98000] [id=41987]
  0x00007fc133011000 GCTaskThread "GC Thread#0" [stack: 0x0000700004b68000,0x0000700004c68000] [id=12035]
  0x00007fc13305c000 GCTaskThread "GC Thread#1" [stack: 0x0000700005da1000,0x0000700005ea1000] [id=37635]
  0x00007fc133161000 GCTaskThread "GC Thread#2" [stack: 0x0000700005ea4000,0x0000700005fa4000] [id=37379]
  0x00007fc133162000 GCTaskThread "GC Thread#3" [stack: 0x0000700005fa7000,0x00007000060a7000] [id=36867]
  0x00007fc133032000 ConcurrentGCThread "G1 Main Marker" [stack: 0x0000700004c6b000,0x0000700004d6b000] [id=21507]
  0x00007fc13180e800 ConcurrentGCThread "G1 Conc#0" [stack: 0x0000700004d6e000,0x0000700004e6e000] [id=20483]
  0x00007fc133857000 ConcurrentGCThread "G1 Refine#0" [stack: 0x0000700004e71000,0x0000700004f71000] [id=20227]
  0x00007fc133858000 ConcurrentGCThread "G1 Young RemSet Sampling" [stack: 0x0000700004f74000,0x0000700005074000] [id=13059]

Threads with active compile tasks:
C2 CompilerThread0 524886 4076       4       javafx.scene.CssStyleHelper::resolveRef (128 bytes)

VM state:not at safepoint (normal execution)

VM Mutex/Monitor currently owned by a thread: None

Heap address: 0x0000000780000000, size: 2048 MB, Compressed Oops mode: Zero based, Oop shift amount: 3
Narrow klass base: 0x0000000800000000, Narrow klass shift: 0
Compressed class space size: 1073741824 Address: 0x0000000800000000

Heap:
 garbage-first heap   total 131072K, used 15510K [0x0000000780000000, 0x0000000800000000)
  region size 1024K, 8 young (8192K), 5 survivors (5120K)
 Metaspace       used 28547K, capacity 29890K, committed 29952K, reserved 1075200K
  class space    used 3741K, capacity 4316K, committed 4352K, reserved 1048576K
Heap Regions: E=young(eden), S=young(survivor), O=old, HS=humongous(starts), HC=humongous(continues), CS=collection set, F=free, A=archive, TAMS=top-at-mark-start (previous, next)
|   0|0x0000000780000000, 0x0000000780100000, 0x0000000780100000|100%|HS|  |TAMS 0x0000000780000000, 0x0000000780000000| Complete 
|   1|0x0000000780100000, 0x0000000780200000, 0x0000000780200000|100%|HC|  |TAMS 0x0000000780100000, 0x0000000780100000| Complete 
|   2|0x0000000780200000, 0x0000000780300000, 0x0000000780300000|100%| O|  |TAMS 0x0000000780200000, 0x0000000780200000| Untracked 
|   3|0x0000000780300000, 0x0000000780400000, 0x0000000780400000|100%| O|  |TAMS 0x0000000780300000, 0x0000000780300000| Untracked 
|   4|0x0000000780400000, 0x0000000780500000, 0x0000000780500000|100%| O|  |TAMS 0x0000000780400000, 0x0000000780400000| Untracked 
|   5|0x0000000780500000, 0x0000000780600000, 0x0000000780600000|100%| O|  |TAMS 0x0000000780500000, 0x0000000780500000| Untracked 
|   6|0x0000000780600000, 0x0000000780700000, 0x0000000780700000|100%| O|  |TAMS 0x0000000780600000, 0x0000000780600000| Untracked 
|   7|0x0000000780700000, 0x0000000780800000, 0x0000000780800000|100%| O|  |TAMS 0x0000000780700000, 0x0000000780700000| Untracked 
|   8|0x0000000780800000, 0x00000007808c0400, 0x0000000780900000| 75%| O|  |TAMS 0x0000000780800000, 0x0000000780800000| Untracked 
|   9|0x0000000780900000, 0x0000000780900000, 0x0000000780a00000|  0%| F|  |TAMS 0x0000000780900000, 0x0000000780900000| Untracked 
|  10|0x0000000780a00000, 0x0000000780a00000, 0x0000000780b00000|  0%| F|  |TAMS 0x0000000780a00000, 0x0000000780a00000| Untracked 
|  11|0x0000000780b00000, 0x0000000780b00000, 0x0000000780c00000|  0%| F|  |TAMS 0x0000000780b00000, 0x0000000780b00000| Untracked 
|  12|0x0000000780c00000, 0x0000000780c00000, 0x0000000780d00000|  0%| F|  |TAMS 0x0000000780c00000, 0x0000000780c00000| Untracked 
|  13|0x0000000780d00000, 0x0000000780d00000, 0x0000000780e00000|  0%| F|  |TAMS 0x0000000780d00000, 0x0000000780d00000| Untracked 
|  14|0x0000000780e00000, 0x0000000780e00000, 0x0000000780f00000|  0%| F|  |TAMS 0x0000000780e00000, 0x0000000780e00000| Untracked 
|  15|0x0000000780f00000, 0x0000000780f00000, 0x0000000781000000|  0%| F|  |TAMS 0x0000000780f00000, 0x0000000780f00000| Untracked 
|  16|0x0000000781000000, 0x0000000781000000, 0x0000000781100000|  0%| F|  |TAMS 0x0000000781000000, 0x0000000781000000| Untracked 
|  17|0x0000000781100000, 0x0000000781100000, 0x0000000781200000|  0%| F|  |TAMS 0x0000000781100000, 0x0000000781100000| Untracked 
|  18|0x0000000781200000, 0x0000000781200000, 0x0000000781300000|  0%| F|  |TAMS 0x0000000781200000, 0x0000000781200000| Untracked 
|  19|0x0000000781300000, 0x0000000781300000, 0x0000000781400000|  0%| F|  |TAMS 0x0000000781300000, 0x0000000781300000| Untracked 
|  20|0x0000000781400000, 0x0000000781400000, 0x0000000781500000|  0%| F|  |TAMS 0x0000000781400000, 0x0000000781400000| Untracked 
|  21|0x0000000781500000, 0x0000000781500000, 0x0000000781600000|  0%| F|  |TAMS 0x0000000781500000, 0x0000000781500000| Untracked 
|  22|0x0000000781600000, 0x0000000781600000, 0x0000000781700000|  0%| F|  |TAMS 0x0000000781600000, 0x0000000781600000| Untracked 
|  23|0x0000000781700000, 0x0000000781700000, 0x0000000781800000|  0%| F|  |TAMS 0x0000000781700000, 0x0000000781700000| Untracked 
|  24|0x0000000781800000, 0x0000000781800000, 0x0000000781900000|  0%| F|  |TAMS 0x0000000781800000, 0x0000000781800000| Untracked 
|  25|0x0000000781900000, 0x0000000781900000, 0x0000000781a00000|  0%| F|  |TAMS 0x0000000781900000, 0x0000000781900000| Untracked 
|  26|0x0000000781a00000, 0x0000000781a00000, 0x0000000781b00000|  0%| F|  |TAMS 0x0000000781a00000, 0x0000000781a00000| Untracked 
|  27|0x0000000781b00000, 0x0000000781b00000, 0x0000000781c00000|  0%| F|  |TAMS 0x0000000781b00000, 0x0000000781b00000| Untracked 
|  28|0x0000000781c00000, 0x0000000781c00000, 0x0000000781d00000|  0%| F|  |TAMS 0x0000000781c00000, 0x0000000781c00000| Untracked 
|  29|0x0000000781d00000, 0x0000000781d00000, 0x0000000781e00000|  0%| F|  |TAMS 0x0000000781d00000, 0x0000000781d00000| Untracked 
|  30|0x0000000781e00000, 0x0000000781e00000, 0x0000000781f00000|  0%| F|  |TAMS 0x0000000781e00000, 0x0000000781e00000| Untracked 
|  31|0x0000000781f00000, 0x0000000781f00000, 0x0000000782000000|  0%| F|  |TAMS 0x0000000781f00000, 0x0000000781f00000| Untracked 
|  32|0x0000000782000000, 0x0000000782000000, 0x0000000782100000|  0%| F|  |TAMS 0x0000000782000000, 0x0000000782000000| Untracked 
|  33|0x0000000782100000, 0x0000000782100000, 0x0000000782200000|  0%| F|  |TAMS 0x0000000782100000, 0x0000000782100000| Untracked 
|  34|0x0000000782200000, 0x0000000782200000, 0x0000000782300000|  0%| F|  |TAMS 0x0000000782200000, 0x0000000782200000| Untracked 
|  35|0x0000000782300000, 0x0000000782300000, 0x0000000782400000|  0%| F|  |TAMS 0x0000000782300000, 0x0000000782300000| Untracked 
|  36|0x0000000782400000, 0x0000000782400000, 0x0000000782500000|  0%| F|  |TAMS 0x0000000782400000, 0x0000000782400000| Untracked 
|  37|0x0000000782500000, 0x0000000782500000, 0x0000000782600000|  0%| F|  |TAMS 0x0000000782500000, 0x0000000782500000| Untracked 
|  38|0x0000000782600000, 0x0000000782600000, 0x0000000782700000|  0%| F|  |TAMS 0x0000000782600000, 0x0000000782600000| Untracked 
|  39|0x0000000782700000, 0x0000000782700000, 0x0000000782800000|  0%| F|  |TAMS 0x0000000782700000, 0x0000000782700000| Untracked 
|  40|0x0000000782800000, 0x0000000782800000, 0x0000000782900000|  0%| F|  |TAMS 0x0000000782800000, 0x0000000782800000| Untracked 
|  41|0x0000000782900000, 0x0000000782900000, 0x0000000782a00000|  0%| F|  |TAMS 0x0000000782900000, 0x0000000782900000| Untracked 
|  42|0x0000000782a00000, 0x0000000782a00000, 0x0000000782b00000|  0%| F|  |TAMS 0x0000000782a00000, 0x0000000782a00000| Untracked 
|  43|0x0000000782b00000, 0x0000000782b00000, 0x0000000782c00000|  0%| F|  |TAMS 0x0000000782b00000, 0x0000000782b00000| Untracked 
|  44|0x0000000782c00000, 0x0000000782c00000, 0x0000000782d00000|  0%| F|  |TAMS 0x0000000782c00000, 0x0000000782c00000| Untracked 
|  45|0x0000000782d00000, 0x0000000782d00000, 0x0000000782e00000|  0%| F|  |TAMS 0x0000000782d00000, 0x0000000782d00000| Untracked 
|  46|0x0000000782e00000, 0x0000000782e00000, 0x0000000782f00000|  0%| F|  |TAMS 0x0000000782e00000, 0x0000000782e00000| Untracked 
|  47|0x0000000782f00000, 0x0000000782f00000, 0x0000000783000000|  0%| F|  |TAMS 0x0000000782f00000, 0x0000000782f00000| Untracked 
|  48|0x0000000783000000, 0x0000000783000000, 0x0000000783100000|  0%| F|  |TAMS 0x0000000783000000, 0x0000000783000000| Untracked 
|  49|0x0000000783100000, 0x0000000783100000, 0x0000000783200000|  0%| F|  |TAMS 0x0000000783100000, 0x0000000783100000| Untracked 
|  50|0x0000000783200000, 0x0000000783200000, 0x0000000783300000|  0%| F|  |TAMS 0x0000000783200000, 0x0000000783200000| Untracked 
|  51|0x0000000783300000, 0x0000000783300000, 0x0000000783400000|  0%| F|  |TAMS 0x0000000783300000, 0x0000000783300000| Untracked 
|  52|0x0000000783400000, 0x0000000783400000, 0x0000000783500000|  0%| F|  |TAMS 0x0000000783400000, 0x0000000783400000| Untracked 
|  53|0x0000000783500000, 0x0000000783500000, 0x0000000783600000|  0%| F|  |TAMS 0x0000000783500000, 0x0000000783500000| Untracked 
|  54|0x0000000783600000, 0x0000000783600000, 0x0000000783700000|  0%| F|  |TAMS 0x0000000783600000, 0x0000000783600000| Untracked 
|  55|0x0000000783700000, 0x0000000783700000, 0x0000000783800000|  0%| F|  |TAMS 0x0000000783700000, 0x0000000783700000| Untracked 
|  56|0x0000000783800000, 0x0000000783800000, 0x0000000783900000|  0%| F|  |TAMS 0x0000000783800000, 0x0000000783800000| Untracked 
|  57|0x0000000783900000, 0x0000000783900000, 0x0000000783a00000|  0%| F|  |TAMS 0x0000000783900000, 0x0000000783900000| Untracked 
|  58|0x0000000783a00000, 0x0000000783a00000, 0x0000000783b00000|  0%| F|  |TAMS 0x0000000783a00000, 0x0000000783a00000| Untracked 
|  59|0x0000000783b00000, 0x0000000783b00000, 0x0000000783c00000|  0%| F|  |TAMS 0x0000000783b00000, 0x0000000783b00000| Untracked 
|  60|0x0000000783c00000, 0x0000000783c00000, 0x0000000783d00000|  0%| F|  |TAMS 0x0000000783c00000, 0x0000000783c00000| Untracked 
|  61|0x0000000783d00000, 0x0000000783d00000, 0x0000000783e00000|  0%| F|  |TAMS 0x0000000783d00000, 0x0000000783d00000| Untracked 
|  62|0x0000000783e00000, 0x0000000783e00000, 0x0000000783f00000|  0%| F|  |TAMS 0x0000000783e00000, 0x0000000783e00000| Untracked 
|  63|0x0000000783f00000, 0x0000000783f00000, 0x0000000784000000|  0%| F|  |TAMS 0x0000000783f00000, 0x0000000783f00000| Untracked 
|  64|0x0000000784000000, 0x0000000784000000, 0x0000000784100000|  0%| F|  |TAMS 0x0000000784000000, 0x0000000784000000| Untracked 
|  65|0x0000000784100000, 0x0000000784100000, 0x0000000784200000|  0%| F|  |TAMS 0x0000000784100000, 0x0000000784100000| Untracked 
|  66|0x0000000784200000, 0x0000000784200000, 0x0000000784300000|  0%| F|  |TAMS 0x0000000784200000, 0x0000000784200000| Untracked 
|  67|0x0000000784300000, 0x0000000784300000, 0x0000000784400000|  0%| F|  |TAMS 0x0000000784300000, 0x0000000784300000| Untracked 
|  68|0x0000000784400000, 0x0000000784400000, 0x0000000784500000|  0%| F|  |TAMS 0x0000000784400000, 0x0000000784400000| Untracked 
|  69|0x0000000784500000, 0x0000000784500000, 0x0000000784600000|  0%| F|  |TAMS 0x0000000784500000, 0x0000000784500000| Untracked 
|  70|0x0000000784600000, 0x0000000784600000, 0x0000000784700000|  0%| F|  |TAMS 0x0000000784600000, 0x0000000784600000| Untracked 
|  71|0x0000000784700000, 0x0000000784700000, 0x0000000784800000|  0%| F|  |TAMS 0x0000000784700000, 0x0000000784700000| Untracked 
|  72|0x0000000784800000, 0x0000000784800000, 0x0000000784900000|  0%| F|  |TAMS 0x0000000784800000, 0x0000000784800000| Untracked 
|  73|0x0000000784900000, 0x0000000784900000, 0x0000000784a00000|  0%| F|  |TAMS 0x0000000784900000, 0x0000000784900000| Untracked 
|  74|0x0000000784a00000, 0x0000000784a00000, 0x0000000784b00000|  0%| F|  |TAMS 0x0000000784a00000, 0x0000000784a00000| Untracked 
|  75|0x0000000784b00000, 0x0000000784b00000, 0x0000000784c00000|  0%| F|  |TAMS 0x0000000784b00000, 0x0000000784b00000| Untracked 
|  76|0x0000000784c00000, 0x0000000784c00000, 0x0000000784d00000|  0%| F|  |TAMS 0x0000000784c00000, 0x0000000784c00000| Untracked 
|  77|0x0000000784d00000, 0x0000000784d00000, 0x0000000784e00000|  0%| F|  |TAMS 0x0000000784d00000, 0x0000000784d00000| Untracked 
|  78|0x0000000784e00000, 0x0000000784e65750, 0x0000000784f00000| 39%| S|CS|TAMS 0x0000000784e00000, 0x0000000784e00000| Complete 
|  79|0x0000000784f00000, 0x0000000785000000, 0x0000000785000000|100%| S|CS|TAMS 0x0000000784f00000, 0x0000000784f00000| Complete 
|  80|0x0000000785000000, 0x0000000785100000, 0x0000000785100000|100%| S|CS|TAMS 0x0000000785000000, 0x0000000785000000| Complete 
|  81|0x0000000785100000, 0x0000000785200000, 0x0000000785200000|100%| S|CS|TAMS 0x0000000785100000, 0x0000000785100000| Complete 
|  82|0x0000000785200000, 0x0000000785300000, 0x0000000785300000|100%| S|CS|TAMS 0x0000000785200000, 0x0000000785200000| Complete 
|  83|0x0000000785300000, 0x0000000785300000, 0x0000000785400000|  0%| F|  |TAMS 0x0000000785300000, 0x0000000785300000| Untracked 
|  84|0x0000000785400000, 0x0000000785400000, 0x0000000785500000|  0%| F|  |TAMS 0x0000000785400000, 0x0000000785400000| Untracked 
|  85|0x0000000785500000, 0x0000000785500000, 0x0000000785600000|  0%| F|  |TAMS 0x0000000785500000, 0x0000000785500000| Untracked 
|  86|0x0000000785600000, 0x0000000785600000, 0x0000000785700000|  0%| F|  |TAMS 0x0000000785600000, 0x0000000785600000| Untracked 
|  87|0x0000000785700000, 0x0000000785700000, 0x0000000785800000|  0%| F|  |TAMS 0x0000000785700000, 0x0000000785700000| Untracked 
|  88|0x0000000785800000, 0x0000000785800000, 0x0000000785900000|  0%| F|  |TAMS 0x0000000785800000, 0x0000000785800000| Untracked 
|  89|0x0000000785900000, 0x0000000785900000, 0x0000000785a00000|  0%| F|  |TAMS 0x0000000785900000, 0x0000000785900000| Untracked 
|  90|0x0000000785a00000, 0x0000000785a00000, 0x0000000785b00000|  0%| F|  |TAMS 0x0000000785a00000, 0x0000000785a00000| Untracked 
|  91|0x0000000785b00000, 0x0000000785b00000, 0x0000000785c00000|  0%| F|  |TAMS 0x0000000785b00000, 0x0000000785b00000| Untracked 
|  92|0x0000000785c00000, 0x0000000785c00000, 0x0000000785d00000|  0%| F|  |TAMS 0x0000000785c00000, 0x0000000785c00000| Untracked 
|  93|0x0000000785d00000, 0x0000000785d00000, 0x0000000785e00000|  0%| F|  |TAMS 0x0000000785d00000, 0x0000000785d00000| Untracked 
|  94|0x0000000785e00000, 0x0000000785e00000, 0x0000000785f00000|  0%| F|  |TAMS 0x0000000785e00000, 0x0000000785e00000| Untracked 
|  95|0x0000000785f00000, 0x0000000785f00000, 0x0000000786000000|  0%| F|  |TAMS 0x0000000785f00000, 0x0000000785f00000| Untracked 
|  96|0x0000000786000000, 0x0000000786000000, 0x0000000786100000|  0%| F|  |TAMS 0x0000000786000000, 0x0000000786000000| Untracked 
|  97|0x0000000786100000, 0x0000000786100000, 0x0000000786200000|  0%| F|  |TAMS 0x0000000786100000, 0x0000000786100000| Untracked 
|  98|0x0000000786200000, 0x0000000786200000, 0x0000000786300000|  0%| F|  |TAMS 0x0000000786200000, 0x0000000786200000| Untracked 
|  99|0x0000000786300000, 0x0000000786300000, 0x0000000786400000|  0%| F|  |TAMS 0x0000000786300000, 0x0000000786300000| Untracked 
| 100|0x0000000786400000, 0x0000000786400000, 0x0000000786500000|  0%| F|  |TAMS 0x0000000786400000, 0x0000000786400000| Untracked 
| 101|0x0000000786500000, 0x0000000786500000, 0x0000000786600000|  0%| F|  |TAMS 0x0000000786500000, 0x0000000786500000| Untracked 
| 102|0x0000000786600000, 0x0000000786600000, 0x0000000786700000|  0%| F|  |TAMS 0x0000000786600000, 0x0000000786600000| Untracked 
| 103|0x0000000786700000, 0x0000000786700000, 0x0000000786800000|  0%| F|  |TAMS 0x0000000786700000, 0x0000000786700000| Untracked 
| 104|0x0000000786800000, 0x0000000786800000, 0x0000000786900000|  0%| F|  |TAMS 0x0000000786800000, 0x0000000786800000| Untracked 
| 105|0x0000000786900000, 0x0000000786900000, 0x0000000786a00000|  0%| F|  |TAMS 0x0000000786900000, 0x0000000786900000| Untracked 
| 106|0x0000000786a00000, 0x0000000786a00000, 0x0000000786b00000|  0%| F|  |TAMS 0x0000000786a00000, 0x0000000786a00000| Untracked 
| 107|0x0000000786b00000, 0x0000000786b00000, 0x0000000786c00000|  0%| F|  |TAMS 0x0000000786b00000, 0x0000000786b00000| Untracked 
| 108|0x0000000786c00000, 0x0000000786c00000, 0x0000000786d00000|  0%| F|  |TAMS 0x0000000786c00000, 0x0000000786c00000| Untracked 
| 109|0x0000000786d00000, 0x0000000786d00000, 0x0000000786e00000|  0%| F|  |TAMS 0x0000000786d00000, 0x0000000786d00000| Untracked 
| 110|0x0000000786e00000, 0x0000000786e00000, 0x0000000786f00000|  0%| F|  |TAMS 0x0000000786e00000, 0x0000000786e00000| Untracked 
| 111|0x0000000786f00000, 0x0000000786f00000, 0x0000000787000000|  0%| F|  |TAMS 0x0000000786f00000, 0x0000000786f00000| Untracked 
| 112|0x0000000787000000, 0x0000000787000000, 0x0000000787100000|  0%| F|  |TAMS 0x0000000787000000, 0x0000000787000000| Untracked 
| 113|0x0000000787100000, 0x0000000787100000, 0x0000000787200000|  0%| F|  |TAMS 0x0000000787100000, 0x0000000787100000| Untracked 
| 114|0x0000000787200000, 0x0000000787200000, 0x0000000787300000|  0%| F|  |TAMS 0x0000000787200000, 0x0000000787200000| Untracked 
| 115|0x0000000787300000, 0x0000000787300000, 0x0000000787400000|  0%| F|  |TAMS 0x0000000787300000, 0x0000000787300000| Untracked 
| 116|0x0000000787400000, 0x0000000787400000, 0x0000000787500000|  0%| F|  |TAMS 0x0000000787400000, 0x0000000787400000| Untracked 
| 117|0x0000000787500000, 0x0000000787500000, 0x0000000787600000|  0%| F|  |TAMS 0x0000000787500000, 0x0000000787500000| Untracked 
| 118|0x0000000787600000, 0x0000000787600000, 0x0000000787700000|  0%| F|  |TAMS 0x0000000787600000, 0x0000000787600000| Untracked 
| 119|0x0000000787700000, 0x0000000787700000, 0x0000000787800000|  0%| F|  |TAMS 0x0000000787700000, 0x0000000787700000| Untracked 
| 120|0x0000000787800000, 0x0000000787800000, 0x0000000787900000|  0%| F|  |TAMS 0x0000000787800000, 0x0000000787800000| Untracked 
| 121|0x0000000787900000, 0x0000000787900000, 0x0000000787a00000|  0%| F|  |TAMS 0x0000000787900000, 0x0000000787900000| Untracked 
| 122|0x0000000787a00000, 0x0000000787a00000, 0x0000000787b00000|  0%| F|  |TAMS 0x0000000787a00000, 0x0000000787a00000| Untracked 
| 123|0x0000000787b00000, 0x0000000787b00000, 0x0000000787c00000|  0%| F|  |TAMS 0x0000000787b00000, 0x0000000787b00000| Untracked 
| 124|0x0000000787c00000, 0x0000000787c00000, 0x0000000787d00000|  0%| F|  |TAMS 0x0000000787c00000, 0x0000000787c00000| Untracked 
| 125|0x0000000787d00000, 0x0000000787e00000, 0x0000000787e00000|100%| E|  |TAMS 0x0000000787d00000, 0x0000000787d00000| Complete 
| 126|0x0000000787e00000, 0x0000000787f00000, 0x0000000787f00000|100%| E|CS|TAMS 0x0000000787e00000, 0x0000000787e00000| Complete 
| 127|0x0000000787f00000, 0x0000000788000000, 0x0000000788000000|100%| E|CS|TAMS 0x0000000787f00000, 0x0000000787f00000| Complete 

Card table byte_map: [0x0000000106604000,0x0000000106a04000] _byte_map_base: 0x0000000102a04000

Marking Bits (Prev, Next): (CMBitMap*) 0x00007fc133029450, (CMBitMap*) 0x00007fc133029418
 Prev Bits: [0x000000012204a000, 0x000000012404a000)
 Next Bits: [0x0000000107e77000, 0x0000000109e77000)

Polling page: 0x0000000105f77000

Metaspace:

Usage:
  Non-class:     24.97 MB capacity,    24.22 MB ( 97%) used,   618.73 KB (  2%) free+waste,   149.56 KB ( <1%) overhead. 
      Class:      4.21 MB capacity,     3.65 MB ( 87%) used,   493.64 KB ( 11%) free+waste,    80.38 KB (  2%) overhead. 
       Both:     29.19 MB capacity,    27.88 MB ( 96%) used,     1.09 MB (  4%) free+waste,   229.94 KB ( <1%) overhead. 

Virtual space:
  Non-class space:       26.00 MB reserved,      25.00 MB ( 96%) committed 
      Class space:        1.00 GB reserved,       4.25 MB ( <1%) committed 
             Both:        1.03 GB reserved,      29.25 MB (  3%) committed 

Chunk freelists:
   Non-Class:  1.75 KB
       Class:  512 bytes
        Both:  2.25 KB

CodeHeap 'non-profiled nmethods': size=120032Kb used=1887Kb max_used=1887Kb free=118144Kb
 bounds [0x000000011ab12000, 0x000000011ad82000, 0x000000012204a000]
CodeHeap 'profiled nmethods': size=120032Kb used=8028Kb max_used=8028Kb free=112003Kb
 bounds [0x00000001135da000, 0x0000000113dba000, 0x000000011ab12000]
CodeHeap 'non-nmethods': size=5696Kb used=1331Kb max_used=1367Kb free=4364Kb
 bounds [0x000000011304a000, 0x00000001132ba000, 0x00000001135da000]
 total_blobs=4864 nmethods=4092 adapters=684
 compilation: enabled
              stopped_count=0, restarted_count=0
 full_count=0

Compilation events (10 events):
Event: 524.870 Thread 0x00007fc131834000 4094       3       javafx.scene.layout.Region::getSnapScaleY (8 bytes)
Event: 524.870 Thread 0x00007fc131834000 nmethod 4094 0x0000000113dae910 code [0x0000000113daeb60, 0x0000000113daf460]
Event: 524.870 Thread 0x00007fc131834000 4098       3       java.nio.Buffer::clear (20 bytes)
Event: 524.870 Thread 0x00007fc131834000 nmethod 4098 0x0000000113daf710 code [0x0000000113daf8a0, 0x0000000113daf9b0]
Event: 524.871 Thread 0x00007fc131834000 4099       3       java.util.stream.Nodes$LongFixedNodeBuilder::accept (61 bytes)
Event: 524.872 Thread 0x00007fc131834000 nmethod 4099 0x0000000113dafa10 code [0x0000000113dafcc0, 0x0000000113db0b40]
Event: 524.872 Thread 0x00007fc131834000 4096       1       java.util.ArrayList$ArrayListSpliterator::characteristics (4 bytes)
Event: 524.872 Thread 0x00007fc131834000 nmethod 4096 0x000000011ace9890 code [0x000000011ace9a20, 0x000000011ace9ad0]
Event: 524.872 Thread 0x00007fc131834000 4100       1       java.util.stream.LongPipeline$StatelessOp::opIsStateful (2 bytes)
Event: 524.872 Thread 0x00007fc131834000 nmethod 4100 0x000000011ace9b10 code [0x000000011ace9ca0, 0x000000011ace9d50]

GC Heap History (6 events):
Event: 0.504 GC heap before
{Heap before GC invocations=0 (full 0):
 garbage-first heap   total 131072K, used 14336K [0x0000000780000000, 0x0000000800000000)
  region size 1024K, 14 young (14336K), 0 survivors (0K)
 Metaspace       used 8639K, capacity 8921K, committed 9216K, reserved 1056768K
  class space    used 858K, capacity 972K, committed 1024K, reserved 1048576K
}
Event: 0.506 GC heap after
{Heap after GC invocations=1 (full 0):
 garbage-first heap   total 131072K, used 1704K [0x0000000780000000, 0x0000000800000000)
  region size 1024K, 2 young (2048K), 2 survivors (2048K)
 Metaspace       used 8639K, capacity 8921K, committed 9216K, reserved 1056768K
  class space    used 858K, capacity 972K, committed 1024K, reserved 1048576K
}
Event: 1.376 GC heap before
{Heap before GC invocations=1 (full 0):
 garbage-first heap   total 131072K, used 37544K [0x0000000780000000, 0x0000000800000000)
  region size 1024K, 38 young (38912K), 2 survivors (2048K)
 Metaspace       used 20533K, capacity 21110K, committed 21248K, reserved 1067008K
  class space    used 2493K, capacity 2757K, committed 2816K, reserved 1048576K
}
Event: 1.387 GC heap after
{Heap after GC invocations=2 (full 0):
 garbage-first heap   total 131072K, used 6853K [0x0000000780000000, 0x0000000800000000)
  region size 1024K, 7 young (7168K), 7 survivors (7168K)
 Metaspace       used 20533K, capacity 21110K, committed 21248K, reserved 1067008K
  class space    used 2493K, capacity 2757K, committed 2816K, reserved 1048576K
}
Event: 523.189 GC heap before
{Heap before GC invocations=3 (full 0):
 garbage-first heap   total 131072K, used 47813K [0x0000000780000000, 0x0000000800000000)
  region size 1024K, 45 young (46080K), 7 survivors (7168K)
 Metaspace       used 28089K, capacity 29414K, committed 29568K, reserved 1075200K
  class space    used 3681K, capacity 4221K, committed 4224K, reserved 1048576K
}
Event: 523.227 GC heap after
{Heap after GC invocations=4 (full 0):
 garbage-first heap   total 131072K, used 13462K [0x0000000780000000, 0x0000000800000000)
  region size 1024K, 5 young (5120K), 5 survivors (5120K)
 Metaspace       used 28089K, capacity 29414K, committed 29568K, reserved 1075200K
  class space    used 3681K, capacity 4221K, committed 4224K, reserved 1048576K
}

Deoptimization events (10 events):
Event: 523.471 Thread 0x00007fc1338f2000 Uncommon trap: reason=bimorphic_or_optimized_type_check action=maybe_recompile pc=0x000000011ac4ae40 method=com.sun.javafx.sg.prism.NGNode.getContentBounds(Lcom/sun/javafx/geom/BaseBounds;Lcom/sun/javafx/geom/transform/BaseTransform;)Lcom/sun/javafx/geom/
Event: 523.688 Thread 0x00007fc1338f2000 Uncommon trap: reason=unstable_if action=reinterpret pc=0x000000011ac28dc4 method=com.sun.javafx.geom.transform.AffineBase.updateState2D()V @ 51 c2
Event: 524.028 Thread 0x00007fc1338f2000 Uncommon trap: reason=unstable_if action=reinterpret pc=0x000000011ac62fdc method=com.sun.javafx.geom.transform.AffineBase.transform2DBounds(Lcom/sun/javafx/geom/RectBounds;Lcom/sun/javafx/geom/RectBounds;)Lcom/sun/javafx/geom/BaseBounds; @ 7 c2
Event: 524.852 Thread 0x00007fc133160000 Uncommon trap: reason=unstable_if action=reinterpret pc=0x000000011acda850 method=com.sun.javafx.css.StyleManager$CacheContainer.getStyleMap(I)Lcom/sun/javafx/css/StyleMap; @ 22 c2
Event: 524.852 Thread 0x00007fc133160000 Uncommon trap: reason=array_check action=maybe_recompile pc=0x000000011ace1be4 method=javafx.css.CompoundSelector.applies(Ljavafx/css/Styleable;[Ljava/util/Set;I)Z @ 128 c2
Event: 524.852 Thread 0x00007fc133160000 Uncommon trap: reason=array_check action=maybe_recompile pc=0x000000011ace1be4 method=javafx.css.CompoundSelector.applies(Ljavafx/css/Styleable;[Ljava/util/Set;I)Z @ 128 c2
Event: 524.853 Thread 0x00007fc133160000 Uncommon trap: reason=unstable_if action=reinterpret pc=0x000000011ac018e0 method=com.sun.javafx.css.StyleManager$CacheContainer.getStyleMap(I)Lcom/sun/javafx/css/StyleMap; @ 22 c2
Event: 524.853 Thread 0x00007fc133160000 Uncommon trap: reason=array_check action=maybe_recompile pc=0x000000011ace1be4 method=javafx.css.CompoundSelector.applies(Ljavafx/css/Styleable;[Ljava/util/Set;I)Z @ 128 c2
Event: 524.853 Thread 0x00007fc133160000 Uncommon trap: reason=array_check action=maybe_recompile pc=0x000000011ace1be4 method=javafx.css.CompoundSelector.applies(Ljavafx/css/Styleable;[Ljava/util/Set;I)Z @ 128 c2
Event: 524.859 Thread 0x00007fc133160000 Uncommon trap: reason=class_check action=maybe_recompile pc=0x000000011ac14d50 method=java.util.WeakHashMap.eq(Ljava/lang/Object;Ljava/lang/Object;)Z @ 7 c2

Classes redefined (0 events):
No events

Internal exceptions (10 events):
Event: 2.186 Thread 0x00007fc133160000 Exception <a 'java/lang/NoSuchMethodError'{0x000000078650c7c8}: java.lang.invoke.DirectMethodHandle$Holder.invokeStatic(Ljava/lang/Object;Ljava/lang/Object;J)Ljava/lang/Object;> (0x000000078650c7c8) thrown at [./open/src/hotspot/share/interpreter/linkReso
Event: 2.187 Thread 0x00007fc133160000 Exception <a 'java/lang/NoSuchMethodError'{0x0000000786512940}: java.lang.invoke.Invokers$Holder.linkToTargetMethod(Ljava/lang/Object;JLjava/lang/Object;)Ljava/lang/Object;> (0x0000000786512940) thrown at [./open/src/hotspot/share/interpreter/linkResolver
Event: 7.244 Thread 0x00007fc1338f2000 Implicit null exception at 0x000000011ac66f48 to 0x000000011ac6eac0
Event: 523.243 Thread 0x00007fc133160000 Exception <a 'java/lang/NoSuchMethodError'{0x0000000787f39ef0}: java.lang.invoke.DirectMethodHandle$Holder.invokeSpecial(Ljava/lang/Object;Ljava/lang/Object;Ljava/lang/Object;)J> (0x0000000787f39ef0) thrown at [./open/src/hotspot/share/interpreter/linkRes
Event: 523.246 Thread 0x00007fc133160000 Exception <a 'java/lang/NoSuchMethodError'{0x0000000787f40bb0}: java.lang.invoke.DirectMethodHandle$Holder.invokeStatic(Ljava/lang/Object;J)I> (0x0000000787f40bb0) thrown at [./open/src/hotspot/share/interpreter/linkResolver.cpp, line 772]
Event: 523.256 Thread 0x00007fc133160000 Exception <a 'java/lang/NoSuchMethodError'{0x0000000787f499e0}: java.lang.invoke.DirectMethodHandle$Holder.invokeStatic(Ljava/lang/Object;Ljava/lang/Object;)J> (0x0000000787f499e0) thrown at [./open/src/hotspot/share/interpreter/linkResolver.cpp, line 772
Event: 523.273 Thread 0x00007fc1338f2000 Exception <a 'java/lang/NoSuchMethodError'{0x0000000787fd26d8}: java.lang.invoke.DirectMethodHandle$Holder.invokeStaticInit(Ljava/lang/Object;I)Ljava/lang/Object;> (0x0000000787fd26d8) thrown at [./open/src/hotspot/share/interpreter/linkResolver.cpp, line
Event: 523.276 Thread 0x00007fc1338f2000 Implicit null exception at 0x000000011ac818e7 to 0x000000011ac82f10
Event: 523.276 Thread 0x00007fc1338f2000 Implicit null exception at 0x000000011ac84117 to 0x000000011ac84d2c
Event: 523.288 Thread 0x00007fc1338f2000 Implicit null exception at 0x000000011ac25d4d to 0x000000011ac26148

Events (10 events):
Event: 524.853 Thread 0x00007fc133160000 DEOPT PACKING pc=0x000000011ace1be4 sp=0x00007ff7ba0c0470
Event: 524.853 Thread 0x00007fc133160000 DEOPT UNPACKING pc=0x000000011306f925 sp=0x00007ff7ba0c03f8 mode 2
Event: 524.853 Thread 0x00007fc133160000 Uncommon trap: trap_request=0xffffffd6 fr.pc=0x000000011ace1be4 relative=0x0000000000000304
Event: 524.853 Thread 0x00007fc133160000 DEOPT PACKING pc=0x000000011ace1be4 sp=0x00007ff7ba0c0470
Event: 524.853 Thread 0x00007fc133160000 DEOPT UNPACKING pc=0x000000011306f925 sp=0x00007ff7ba0c03f8 mode 2
Event: 524.859 Thread 0x00007fc133160000 Uncommon trap: trap_request=0xffffffde fr.pc=0x000000011ac14d50 relative=0x0000000000000870
Event: 524.859 Thread 0x00007fc133160000 DEOPT PACKING pc=0x000000011ac14d50 sp=0x00007ff7ba0bfc50
Event: 524.859 Thread 0x00007fc133160000 DEOPT UNPACKING pc=0x000000011306f925 sp=0x00007ff7ba0bfba8 mode 2
Event: 524.869 Executing VM operation: RevokeBias
Event: 524.870 Executing VM operation: RevokeBias done


Dynamic libraries:
0x0000000105f58000 	/Library/Java/JavaVirtualMachines/jdk-11.0.13.jdk/Contents/Home/lib/jli/libjli.dylib
0x00007ff833694000 	/System/Library/Frameworks/Cocoa.framework/Versions/A/Cocoa
0x00007ff81f519000 	/System/Library/Frameworks/AppKit.framework/Versions/C/AppKit
0x00007ff822a0f000 	/System/Library/Frameworks/CoreData.framework/Versions/A/CoreData
0x00007ff81d930000 	/System/Library/Frameworks/Foundation.framework/Versions/C/Foundation
0x00007ff8277cf000 	/usr/lib/libSystem.B.dylib
0x00007ff8203a8000 	/System/Library/PrivateFrameworks/UIFoundation.framework/Versions/A/UIFoundation
0x00007ff82d645000 	/System/Library/PrivateFrameworks/RemoteViewServices.framework/Versions/A/RemoteViewServices
0x00007ff825a35000 	/System/Library/PrivateFrameworks/XCTTargetBootstrap.framework/Versions/A/XCTTargetBootstrap
0x00007ff8295df000 	/System/Library/PrivateFrameworks/InternationalSupport.framework/Versions/A/InternationalSupport
0x00007ff829669000 	/System/Library/PrivateFrameworks/UserActivity.framework/Versions/A/UserActivity
0x00007ff8289bf000 	/usr/lib/libspindump.dylib
0x00007ff820636000 	/System/Library/Frameworks/UniformTypeIdentifiers.framework/Versions/A/UniformTypeIdentifiers
0x00007ff824172000 	/usr/lib/libapp_launch_measurement.dylib
0x00007ff8233db000 	/System/Library/PrivateFrameworks/CoreAnalytics.framework/Versions/A/CoreAnalytics
0x00007ff824175000 	/System/Library/PrivateFrameworks/CoreAutoLayout.framework/Versions/A/CoreAutoLayout
0x00007ff825395000 	/System/Library/Frameworks/Metal.framework/Versions/A/Metal
0x00007ff8260ab000 	/usr/lib/liblangid.dylib
0x00007ff825a39000 	/System/Library/PrivateFrameworks/CoreSVG.framework/Versions/A/CoreSVG
0x00007ff8219fd000 	/System/Library/PrivateFrameworks/SkyLight.framework/Versions/A/SkyLight
0x00007ff821d90000 	/System/Library/Frameworks/CoreGraphics.framework/Versions/A/CoreGraphics
0x00007ff82dcb4000 	/System/Library/Frameworks/Accelerate.framework/Versions/A/Accelerate
0x00007ff82843a000 	/System/Library/PrivateFrameworks/IconServices.framework/Versions/A/IconServices
0x00007ff82537a000 	/System/Library/Frameworks/IOSurface.framework/Versions/A/IOSurface
0x00007ff823409000 	/usr/lib/libDiagnosticMessagesClient.dylib
0x00007ff8276ef000 	/usr/lib/libz.1.dylib
0x00007ff831323000 	/System/Library/Frameworks/ApplicationServices.framework/Versions/A/ApplicationServices
0x00007ff825a21000 	/System/Library/PrivateFrameworks/DFRFoundation.framework/Versions/A/DFRFoundation
0x00007ff81ee0a000 	/usr/lib/libicucore.A.dylib
0x00007ff82a304000 	/System/Library/Frameworks/AudioToolbox.framework/Versions/A/AudioToolbox
0x00007ff8295eb000 	/System/Library/PrivateFrameworks/DataDetectorsCore.framework/Versions/A/DataDetectorsCore
0x00007ff924f4a000 	/System/Library/PrivateFrameworks/TextInput.framework/Versions/A/TextInput
0x00007ff821981000 	/usr/lib/libMobileGestalt.dylib
0x00007ff825729000 	/System/Library/Frameworks/Carbon.framework/Versions/A/Frameworks/HIToolbox.framework/Versions/A/HIToolbox
0x00007ff823b9f000 	/System/Library/Frameworks/QuartzCore.framework/Versions/A/QuartzCore
0x00007ff81eaaa000 	/System/Library/Frameworks/Security.framework/Versions/A/Security
0x00007ff82d67d000 	/System/Library/Frameworks/Carbon.framework/Versions/A/Frameworks/SpeechRecognition.framework/Versions/A/SpeechRecognition
0x00007ff823ed2000 	/System/Library/PrivateFrameworks/CoreUI.framework/Versions/A/CoreUI
0x00007ff81e382000 	/System/Library/Frameworks/CoreAudio.framework/Versions/A/CoreAudio
0x00007ff8234f7000 	/System/Library/Frameworks/DiskArbitration.framework/Versions/A/DiskArbitration
0x00007ff828da6000 	/System/Library/PrivateFrameworks/MultitouchSupport.framework/Versions/A/MultitouchSupport
0x00007ff821980000 	/usr/lib/libenergytrace.dylib
0x00007ff81f405000 	/System/Library/Frameworks/IOKit.framework/Versions/A/IOKit
0x00007ff82da69000 	/System/Library/Frameworks/CoreServices.framework/Versions/A/CoreServices
0x00007ff82410c000 	/System/Library/PrivateFrameworks/PerformanceAnalysis.framework/Versions/A/PerformanceAnalysis
0x00007ffa34715000 	/System/Library/Frameworks/OpenGL.framework/Versions/A/OpenGL
0x00007ff826d20000 	/System/Library/PrivateFrameworks/MobileKeyBag.framework/Versions/A/MobileKeyBag
0x00007ff81c8f1000 	/usr/lib/libobjc.A.dylib
0x00007ff82245c000 	/System/Library/Frameworks/ColorSync.framework/Versions/A/ColorSync
0x00007ff81caaa000 	/System/Library/Frameworks/CoreFoundation.framework/Versions/A/CoreFoundation
0x00007ff825cb2000 	/System/Library/Frameworks/CoreImage.framework/Versions/A/CoreImage
0x00007ff81e198000 	/System/Library/Frameworks/CoreText.framework/Versions/A/CoreText
0x00007ff825a68000 	/System/Library/Frameworks/ImageIO.framework/Versions/A/ImageIO
0x00007ff8277d5000 	/System/Library/PrivateFrameworks/SoftLinking.framework/Versions/A/SoftLinking
0x00007ff8241bd000 	/usr/lib/libxml2.2.dylib
0x00007ff81c9b7000 	/usr/lib/libc++.1.dylib
0x00007ff827a59000 	/usr/lib/libcompression.dylib
0x00007ff829515000 	/System/Library/PrivateFrameworks/TextureIO.framework/Versions/A/TextureIO
0x00007ff82814c000 	/usr/lib/libate.dylib
0x00007ff8277ca000 	/usr/lib/system/libcache.dylib
0x00007ff827786000 	/usr/lib/system/libcommonCrypto.dylib
0x00007ff8277af000 	/usr/lib/system/libcompiler_rt.dylib
0x00007ff8277a5000 	/usr/lib/system/libcopyfile.dylib
0x00007ff81c7eb000 	/usr/lib/system/libcorecrypto.dylib
0x00007ff81c8aa000 	/usr/lib/system/libdispatch.dylib
0x00007ff81ca69000 	/usr/lib/system/libdyld.dylib
0x00007ff8277c1000 	/usr/lib/system/libkeymgr.dylib
0x00007ff827764000 	/usr/lib/system/libmacho.dylib
0x00007ff826df4000 	/usr/lib/system/libquarantine.dylib
0x00007ff8277bf000 	/usr/lib/system/libremovefile.dylib
0x00007ff8219cd000 	/usr/lib/system/libsystem_asl.dylib
0x00007ff81c799000 	/usr/lib/system/libsystem_blocks.dylib
0x00007ff81c92e000 	/usr/lib/system/libsystem_c.dylib
0x00007ff8277b7000 	/usr/lib/system/libsystem_collections.dylib
0x00007ff82609c000 	/usr/lib/system/libsystem_configuration.dylib
0x00007ff82535d000 	/usr/lib/system/libsystem_containermanager.dylib
0x00007ff8274a1000 	/usr/lib/system/libsystem_coreservices.dylib
0x00007ff81f093000 	/usr/lib/system/libsystem_darwin.dylib
0x00007ff8277c2000 	/usr/lib/system/libsystem_dnssd.dylib
0x00007ff81c92b000 	/usr/lib/system/libsystem_featureflags.dylib
0x00007ff81ca7f000 	/usr/lib/system/libsystem_info.dylib
0x00007ff827702000 	/usr/lib/system/libsystem_m.dylib
0x00007ff81c87e000 	/usr/lib/system/libsystem_malloc.dylib
0x00007ff82196a000 	/usr/lib/system/libsystem_networkextension.dylib
0x00007ff81f4bb000 	/usr/lib/system/libsystem_notify.dylib
0x00007ff82d93e000 	/usr/lib/system/libsystem_product_info_filter.dylib
0x00007ff8260a0000 	/usr/lib/system/libsystem_sandbox.dylib
0x00007ff8277bc000 	/usr/lib/system/libsystem_secinit.dylib
0x00007ff81ca26000 	/usr/lib/system/libsystem_kernel.dylib
0x00007ff81ca75000 	/usr/lib/system/libsystem_platform.dylib
0x00007ff81ca5d000 	/usr/lib/system/libsystem_pthread.dylib
0x00007ff823222000 	/usr/lib/system/libsystem_symptoms.dylib
0x00007ff81c7d2000 	/usr/lib/system/libsystem_trace.dylib
0x00007ff827792000 	/usr/lib/system/libunwind.dylib
0x00007ff81c79b000 	/usr/lib/system/libxpc.dylib
0x00007ff81ca10000 	/usr/lib/libc++abi.dylib
0x00007ff82779d000 	/usr/lib/liboah.dylib
0x00007ff827f2a000 	/usr/lib/liblzma.5.dylib
0x00007ff81d641000 	/System/Library/Frameworks/SystemConfiguration.framework/Versions/A/SystemConfiguration
0x00007ff8277d1000 	/usr/lib/libfakelink.dylib
0x00007ff8214d3000 	/System/Library/Frameworks/CFNetwork.framework/Versions/A/CFNetwork
0x00007ff827910000 	/usr/lib/libarchive.2.dylib
0x00007ff8260a7000 	/System/Library/PrivateFrameworks/AppleSystemInfo.framework/Versions/A/AppleSystemInfo
0x00007ff826e1b000 	/usr/lib/libbsm.0.dylib
0x00007ff820b09000 	/usr/lib/libnetwork.dylib
0x00007ff82776a000 	/usr/lib/system/libkxld.dylib
0x00007ff826a49000 	/System/Library/PrivateFrameworks/IOMobileFramebuffer.framework/Versions/A/IOMobileFramebuffer
0x00007ffb324c3000 	/usr/lib/libCoreEntitlements.dylib
0x00007ff827483000 	/System/Library/PrivateFrameworks/AppleFSCompression.framework/Versions/A/AppleFSCompression
0x00007ff826e03000 	/usr/lib/libcoretls.dylib
0x00007ff827f44000 	/usr/lib/libcoretls_cfhelpers.dylib
0x00007ff827a54000 	/usr/lib/libpam.2.dylib
0x00007ff822e44000 	/usr/lib/libsqlite3.dylib
0x00007ff827fb3000 	/usr/lib/libxar.1.dylib
0x00007ff827493000 	/usr/lib/libbz2.1.0.dylib
0x00007ff8277d6000 	/usr/lib/libpcap.A.dylib
0x00007ff823219000 	/usr/lib/libdns_services.dylib
0x00007ff827a23000 	/usr/lib/libapple_nghttp2.dylib
0x00007ff82780d000 	/usr/lib/libiconv.2.dylib
0x00007ff827763000 	/usr/lib/libcharset.1.dylib
0x00007ff824140000 	/System/Library/Frameworks/CoreServices.framework/Versions/A/Frameworks/FSEvents.framework/Versions/A/FSEvents
0x00007ff81f09d000 	/System/Library/Frameworks/CoreServices.framework/Versions/A/Frameworks/CarbonCore.framework/Versions/A/CarbonCore
0x00007ff82345c000 	/System/Library/Frameworks/CoreServices.framework/Versions/A/Frameworks/Metadata.framework/Versions/A/Metadata
0x00007ff8274a6000 	/System/Library/Frameworks/CoreServices.framework/Versions/A/Frameworks/OSServices.framework/Versions/A/OSServices
0x00007ff827997000 	/System/Library/Frameworks/CoreServices.framework/Versions/A/Frameworks/SearchKit.framework/Versions/A/SearchKit
0x00007ff8231ab000 	/System/Library/Frameworks/CoreServices.framework/Versions/A/Frameworks/AE.framework/Versions/A/AE
0x00007ff81cfad000 	/System/Library/Frameworks/CoreServices.framework/Versions/A/Frameworks/LaunchServices.framework/Versions/A/LaunchServices
0x00007ff827edb000 	/System/Library/Frameworks/CoreServices.framework/Versions/A/Frameworks/DictionaryServices.framework/Versions/A/DictionaryServices
0x00007ff82414d000 	/System/Library/Frameworks/CoreServices.framework/Versions/A/Frameworks/SharedFileList.framework/Versions/A/SharedFileList
0x00007ff826df7000 	/usr/lib/libCheckFix.dylib
0x00007ff8219e4000 	/System/Library/PrivateFrameworks/TCC.framework/Versions/A/TCC
0x00007ff8260ad000 	/System/Library/PrivateFrameworks/CoreNLP.framework/Versions/A/CoreNLP
0x00007ff82340c000 	/System/Library/PrivateFrameworks/MetadataUtilities.framework/Versions/A/MetadataUtilities
0x00007ff81d6f1000 	/usr/lib/libmecabra.dylib
0x00007ff826e2b000 	/usr/lib/libmecab.dylib
0x00007ff81d6bc000 	/usr/lib/libCRFSuite.dylib
0x00007ff826e88000 	/usr/lib/libgermantok.dylib
0x00007ff8279fe000 	/usr/lib/libThaiTokenizer.dylib
0x00007ff8234fe000 	/System/Library/Frameworks/Accelerate.framework/Versions/A/Frameworks/vImage.framework/Versions/A/vImage
0x00007ff82da40000 	/System/Library/Frameworks/Accelerate.framework/Versions/A/Frameworks/vecLib.framework/Versions/A/vecLib
0x00007ff827ff4000 	/System/Library/Frameworks/Accelerate.framework/Versions/A/Frameworks/vecLib.framework/Versions/A/libvMisc.dylib
0x00007ff826867000 	/System/Library/Frameworks/Accelerate.framework/Versions/A/Frameworks/vecLib.framework/Versions/A/libvDSP.dylib
0x00007ff81d325000 	/System/Library/Frameworks/Accelerate.framework/Versions/A/Frameworks/vecLib.framework/Versions/A/libBLAS.dylib
0x00007ff827b35000 	/System/Library/Frameworks/Accelerate.framework/Versions/A/Frameworks/vecLib.framework/Versions/A/libLAPACK.dylib
0x00007ff826e8b000 	/System/Library/Frameworks/Accelerate.framework/Versions/A/Frameworks/vecLib.framework/Versions/A/libLinearAlgebra.dylib
0x00007ff827a3c000 	/System/Library/Frameworks/Accelerate.framework/Versions/A/Frameworks/vecLib.framework/Versions/A/libSparseBLAS.dylib
0x00007ff827b2f000 	/System/Library/Frameworks/Accelerate.framework/Versions/A/Frameworks/vecLib.framework/Versions/A/libQuadrature.dylib
0x00007ff826197000 	/System/Library/Frameworks/Accelerate.framework/Versions/A/Frameworks/vecLib.framework/Versions/A/libBNNS.dylib
0x00007ff81d5d2000 	/System/Library/Frameworks/Accelerate.framework/Versions/A/Frameworks/vecLib.framework/Versions/A/libSparse.dylib
0x00007ff826190000 	/System/Library/PrivateFrameworks/LinguisticData.framework/Versions/A/LinguisticData
0x00007ff81d587000 	/System/Library/PrivateFrameworks/Lexicon.framework/Versions/A/Lexicon
0x00007ff827fed000 	/usr/lib/libChineseTokenizer.dylib
0x00007ff81dceb000 	/System/Library/PrivateFrameworks/LanguageModeling.framework/Versions/A/LanguageModeling
0x00007ff827a00000 	/System/Library/PrivateFrameworks/AppleSauce.framework/Versions/A/AppleSauce
0x00007ff826a37000 	/System/Library/PrivateFrameworks/CoreEmoji.framework/Versions/A/CoreEmoji
0x00007ff8278ff000 	/usr/lib/libcmph.dylib
0x00007ff824124000 	/System/Library/Frameworks/OpenDirectory.framework/Versions/A/Frameworks/CFOpenDirectory.framework/Versions/A/CFOpenDirectory
0x00007ff824118000 	/System/Library/Frameworks/OpenDirectory.framework/Versions/A/OpenDirectory
0x00007ff827f46000 	/System/Library/PrivateFrameworks/APFS.framework/Versions/A/APFS
0x00007ff826d58000 	/System/Library/Frameworks/SecurityFoundation.framework/Versions/A/SecurityFoundation
0x00007ff827fc1000 	/usr/lib/libutil.dylib
0x00007ff81f3c8000 	/System/Library/PrivateFrameworks/CoreServicesStore.framework/Versions/A/CoreServicesStore
0x00007ff827fc5000 	/usr/lib/libxslt.1.dylib
0x00007ff826de5000 	/System/Library/PrivateFrameworks/BackgroundTaskManagement.framework/Versions/A/BackgroundTaskManagement
0x00007ff829435000 	/System/Library/Frameworks/ImageIO.framework/Versions/A/Resources/libRadiance.dylib
0x00007ff82943e000 	/System/Library/Frameworks/ImageIO.framework/Versions/A/Resources/libJPEG.dylib
0x00007ff82938e000 	/System/Library/Frameworks/ImageIO.framework/Versions/A/Resources/libPng.dylib
0x00007ff8293af000 	/System/Library/Frameworks/ImageIO.framework/Versions/A/Resources/libTIFF.dylib
0x00007ff82949e000 	/System/Library/Frameworks/ImageIO.framework/Versions/A/Resources/libGIF.dylib
0x00007ff828cbf000 	/System/Library/Frameworks/ImageIO.framework/Versions/A/Resources/libJP2.dylib
0x00007ff828401000 	/usr/lib/libexpat.1.dylib
0x00007ff828c74000 	/System/Library/PrivateFrameworks/AppleJPEG.framework/Versions/A/AppleJPEG
0x00007ff8255f0000 	/System/Library/PrivateFrameworks/FontServices.framework/libFontParser.dylib
0x00007ff823155000 	/System/Library/PrivateFrameworks/RunningBoardServices.framework/Versions/A/RunningBoardServices
0x00007ff833c0e000 	/System/Library/PrivateFrameworks/IOSurfaceAccelerator.framework/Versions/A/IOSurfaceAccelerator
0x00007ff828da2000 	/System/Library/PrivateFrameworks/WatchdogClient.framework/Versions/A/WatchdogClient
0x00007ff81ddda000 	/System/Library/Frameworks/CoreDisplay.framework/Versions/A/CoreDisplay
0x00007ff8254ef000 	/System/Library/Frameworks/CoreMedia.framework/Versions/A/CoreMedia
0x00007ff82538c000 	/System/Library/PrivateFrameworks/IOAccelerator.framework/Versions/A/IOAccelerator
0x00007ff8242a0000 	/System/Library/Frameworks/CoreVideo.framework/Versions/A/CoreVideo
0x00007ff827a52000 	/System/Library/Frameworks/MetalPerformanceShaders.framework/Versions/A/MetalPerformanceShaders
0x00007ff828ddd000 	/System/Library/Frameworks/VideoToolbox.framework/Versions/A/VideoToolbox
0x00007ff82309d000 	/System/Library/PrivateFrameworks/BaseBoard.framework/Versions/A/BaseBoard
0x00007ff822e2a000 	/System/Library/PrivateFrameworks/ProtocolBuffer.framework/Versions/A/ProtocolBuffer
0x00007ff82942e000 	/System/Library/PrivateFrameworks/GPUWrangler.framework/Versions/A/GPUWrangler
0x00007ff829411000 	/System/Library/PrivateFrameworks/IOPresentment.framework/Versions/A/IOPresentment
0x00007ff829438000 	/System/Library/PrivateFrameworks/DSExternalDisplay.framework/Versions/A/DSExternalDisplay
0x00007ffa34709000 	/System/Library/Frameworks/OpenGL.framework/Versions/A/Libraries/libCoreFSCache.dylib
0x00007ffb207ad000 	/System/Library/PrivateFrameworks/GPUCompiler.framework/Versions/31001/Libraries/libGPUCompilerUtils.dylib
0x00007ff8294a3000 	/System/Library/PrivateFrameworks/CMCaptureCore.framework/Versions/A/CMCaptureCore
0x00007ff8289ad000 	/System/Library/PrivateFrameworks/AppServerSupport.framework/Versions/A/AppServerSupport
0x00007ff82ab8a000 	/System/Library/PrivateFrameworks/perfdata.framework/Versions/A/perfdata
0x00007ff81df06000 	/System/Library/PrivateFrameworks/AudioToolboxCore.framework/Versions/A/AudioToolboxCore
0x00007ff8254cc000 	/System/Library/PrivateFrameworks/caulk.framework/Versions/A/caulk
0x00007ff82a4ae000 	/usr/lib/libAudioStatistics.dylib
0x00007ff9217db000 	/System/Library/PrivateFrameworks/SystemPolicy.framework/Versions/A/SystemPolicy
0x00007ff82a703000 	/usr/lib/libSMC.dylib
0x00007ff833547000 	/System/Library/Frameworks/CoreMIDI.framework/Versions/A/CoreMIDI
0x00007ff82935e000 	/usr/lib/libAudioToolboxUtility.dylib
0x00007ff91dbed000 	/System/Library/PrivateFrameworks/OSAServicesClient.framework/Versions/A/OSAServicesClient
0x00007ff82ab97000 	/usr/lib/libperfcheck.dylib
0x00007ff92226d000 	/usr/lib/libmis.dylib
0x00007ffa34765000 	/System/Library/Frameworks/OpenGL.framework/Versions/A/Libraries/libGLU.dylib
0x00007ffa34728000 	/System/Library/Frameworks/OpenGL.framework/Versions/A/Libraries/libGFXShared.dylib
0x00007ffa34936000 	/System/Library/Frameworks/OpenGL.framework/Versions/A/Libraries/libGL.dylib
0x00007ffa34731000 	/System/Library/Frameworks/OpenGL.framework/Versions/A/Libraries/libGLImage.dylib
0x00007ffa34725000 	/System/Library/Frameworks/OpenGL.framework/Versions/A/Libraries/libCVMSPluginSupport.dylib
0x00007ffa34710000 	/System/Library/Frameworks/OpenGL.framework/Versions/A/Libraries/libCoreVMClient.dylib
0x00007ff82602b000 	/System/Library/Frameworks/MetalPerformanceShaders.framework/Versions/A/Frameworks/MPSCore.framework/Versions/A/MPSCore
0x00007ff8273ee000 	/System/Library/Frameworks/MetalPerformanceShaders.framework/Versions/A/Frameworks/MPSImage.framework/Versions/A/MPSImage
0x00007ff826ea1000 	/System/Library/Frameworks/MetalPerformanceShaders.framework/Versions/A/Frameworks/MPSNeuralNetwork.framework/Versions/A/MPSNeuralNetwork
0x00007ff827316000 	/System/Library/Frameworks/MetalPerformanceShaders.framework/Versions/A/Frameworks/MPSMatrix.framework/Versions/A/MPSMatrix
0x00007ff8270d2000 	/System/Library/Frameworks/MetalPerformanceShaders.framework/Versions/A/Frameworks/MPSRayIntersector.framework/Versions/A/MPSRayIntersector
0x00007ff82734f000 	/System/Library/Frameworks/MetalPerformanceShaders.framework/Versions/A/Frameworks/MPSNDArray.framework/Versions/A/MPSNDArray
0x00007ffa39327000 	/System/Library/Frameworks/MetalPerformanceShaders.framework/Versions/A/Frameworks/MPSFunctions.framework/Versions/A/MPSFunctions
0x00007ff81d208000 	/System/Library/PrivateFrameworks/MetalTools.framework/Versions/A/MetalTools
0x00007ff8260a5000 	/System/Library/PrivateFrameworks/AggregateDictionary.framework/Versions/A/AggregateDictionary
0x00007ff8281e3000 	/usr/lib/libIOReport.dylib
0x00007ffa35d45000 	/System/Library/Frameworks/OpenCL.framework/Versions/A/OpenCL
0x00007ff828547000 	/System/Library/PrivateFrameworks/FaceCore.framework/Versions/A/FaceCore
0x00007ff828538000 	/System/Library/PrivateFrameworks/GraphVisualizer.framework/Versions/A/GraphVisualizer
0x00007ffb206b8000 	/System/Library/PrivateFrameworks/FontServices.framework/Versions/A/FontServices
0x00007ff828964000 	/System/Library/PrivateFrameworks/OTSVG.framework/Versions/A/OTSVG
0x00007ff823e88000 	/System/Library/Frameworks/ApplicationServices.framework/Versions/A/Frameworks/ATS.framework/Versions/A/Resources/libFontRegistry.dylib
0x00007ff8289b5000 	/System/Library/PrivateFrameworks/FontServices.framework/libhvf.dylib
0x00007ffb206b9000 	/System/Library/PrivateFrameworks/FontServices.framework/libXTFontStaticRegistryData.dylib
0x00007ff8283b1000 	/System/Library/PrivateFrameworks/AppleVA.framework/Versions/A/AppleVA
0x00007ff82a4d2000 	/System/Library/Frameworks/ApplicationServices.framework/Versions/A/Frameworks/ATS.framework/Versions/A/ATS
0x00007ff822558000 	/System/Library/Frameworks/ApplicationServices.framework/Versions/A/Frameworks/HIServices.framework/Versions/A/HIServices
0x00007ff8294ad000 	/System/Library/Frameworks/ApplicationServices.framework/Versions/A/Frameworks/PrintCore.framework/Versions/A/PrintCore
0x00007ff82a856000 	/System/Library/Frameworks/ApplicationServices.framework/Versions/A/Frameworks/QD.framework/Versions/A/QD
0x00007ff82a84e000 	/System/Library/Frameworks/ApplicationServices.framework/Versions/A/Frameworks/ColorSyncLegacy.framework/Versions/A/ColorSyncLegacy
0x00007ff82a4c2000 	/System/Library/Frameworks/ApplicationServices.framework/Versions/A/Frameworks/SpeechSynthesis.framework/Versions/A/SpeechSynthesis
0x00007ff82946e000 	/System/Library/Frameworks/ApplicationServices.framework/Versions/A/Frameworks/ATSUI.framework/Versions/A/ATSUI
0x00007ff82a7e3000 	/usr/lib/libcups.2.dylib
0x00007ff82aba6000 	/System/Library/Frameworks/Kerberos.framework/Versions/A/Kerberos
0x00007ff82abb5000 	/System/Library/Frameworks/GSS.framework/Versions/A/GSS
0x00007ff82a53e000 	/usr/lib/libresolv.9.dylib
0x00007ff8289c4000 	/System/Library/PrivateFrameworks/Heimdal.framework/Versions/A/Heimdal
0x00007ff83169e000 	/System/Library/Frameworks/Kerberos.framework/Versions/A/Libraries/libHeimdalProxy.dylib
0x00007ff82322a000 	/System/Library/Frameworks/Network.framework/Versions/A/Network
0x00007ff82841b000 	/usr/lib/libheimdal-asn1.dylib
0x00007ff82ac01000 	/System/Library/PrivateFrameworks/CommonAuth.framework/Versions/A/CommonAuth
0x00007ff82a43f000 	/System/Library/PrivateFrameworks/AudioSession.framework/Versions/A/AudioSession
0x00007ff8284ab000 	/System/Library/PrivateFrameworks/MediaExperience.framework/Versions/A/MediaExperience
0x00007ff82a2d3000 	/System/Library/PrivateFrameworks/AudioSession.framework/libSessionUtility.dylib
0x00007ff82a862000 	/System/Library/PrivateFrameworks/AudioResourceArbitration.framework/Versions/A/AudioResourceArbitration
0x00007ff82e853000 	/System/Library/PrivateFrameworks/PowerLog.framework/Versions/A/PowerLog
0x00007ff828424000 	/System/Library/PrivateFrameworks/IconFoundation.framework/Versions/A/IconFoundation
0x00007ff82d66d000 	/System/Library/PrivateFrameworks/SpeechRecognitionCore.framework/Versions/A/SpeechRecognitionCore
0x0000000106cd1000 	/Library/Java/JavaVirtualMachines/jdk-11.0.13.jdk/Contents/Home/lib/server/libjvm.dylib
0x0000000105f86000 	/Library/Java/JavaVirtualMachines/jdk-11.0.13.jdk/Contents/Home/lib/libverify.dylib
0x0000000105fc2000 	/Library/Java/JavaVirtualMachines/jdk-11.0.13.jdk/Contents/Home/lib/libjava.dylib
0x0000000105f96000 	/Library/Java/JavaVirtualMachines/jdk-11.0.13.jdk/Contents/Home/lib/libjimage.dylib
0x0000000105faf000 	/Library/Java/JavaVirtualMachines/jdk-11.0.13.jdk/Contents/Home/lib/libzip.dylib
0x0000000106a67000 	/Library/Java/JavaVirtualMachines/jdk-11.0.13.jdk/Contents/Home/lib/libnio.dylib
0x0000000106a92000 	/Library/Java/JavaVirtualMachines/jdk-11.0.13.jdk/Contents/Home/lib/libnet.dylib
0x0000000106a79000 	/Users/maratisaw/lib/javafx-sdk-11.0.2/lib/libprism_es2.dylib
0x00007ff81f389000 	/System/Library/PrivateFrameworks/CoreServicesInternal.framework/Versions/A/CoreServicesInternal
0x00007ffa34941000 	/System/Library/Frameworks/OpenGL.framework/Versions/A/Resources/GLEngine.bundle/GLEngine
0x00007ffa347a3000 	/System/Library/Frameworks/OpenGL.framework/Versions/A/Libraries/libGLProgrammability.dylib
0x00007ffa2c477000 	/System/Library/Extensions/AppleIntelBDWGraphicsGLDriver.bundle/Contents/MacOS/AppleIntelBDWGraphicsGLDriver
0x00007ff92c136000 	/System/Library/PrivateFrameworks/GPUSupport.framework/Versions/A/Libraries/libGPUSupportMercury.dylib
0x00007ffa34ad0000 	/System/Library/Frameworks/OpenGL.framework/Versions/A/Resources/GLRendererFloat.bundle/GLRendererFloat
0x000000010a937000 	/Users/maratisaw/lib/javafx-sdk-11.0.2/lib/libglass.dylib
0x00007ff82ee44000 	/System/Library/Frameworks/FileProvider.framework/Versions/A/FileProvider
0x00007ff823009000 	/System/Library/Frameworks/Accounts.framework/Versions/A/Accounts
0x00007ff82efbb000 	/System/Library/PrivateFrameworks/GenerationalStorage.framework/Versions/A/GenerationalStorage
0x00007ff82facd000 	/System/Library/PrivateFrameworks/CoreSymbolication.framework/Versions/A/CoreSymbolication
0x00007ff82e848000 	/System/Library/PrivateFrameworks/SymptomDiagnosticReporter.framework/Versions/A/SymptomDiagnosticReporter
0x00007ff82064a000 	/System/Library/PrivateFrameworks/DesktopServicesPriv.framework/Versions/A/DesktopServicesPriv
0x00007ff81f4ca000 	/usr/lib/libsandbox.1.dylib
0x00007ff82431f000 	/System/Library/PrivateFrameworks/UserManagement.framework/Versions/A/UserManagement
0x00007ff82fa92000 	/System/Library/PrivateFrameworks/DebugSymbols.framework/Versions/A/DebugSymbols
0x00007ff82a843000 	/System/Library/PrivateFrameworks/NetAuth.framework/Versions/A/NetAuth
0x00007ff82b731000 	/System/Library/PrivateFrameworks/Sharing.framework/Versions/A/Sharing
0x00007ff8242f2000 	/System/Library/PrivateFrameworks/login.framework/Versions/A/Frameworks/loginsupport.framework/Versions/A/loginsupport
0x00007ff830bd2000 	/System/Library/PrivateFrameworks/Apple80211.framework/Versions/A/Apple80211
0x00007ff8274d3000 	/System/Library/PrivateFrameworks/AuthKit.framework/Versions/A/AuthKit
0x00007ff826b2d000 	/System/Library/PrivateFrameworks/CoreUtils.framework/Versions/A/CoreUtils
0x00007ff826a54000 	/System/Library/Frameworks/CoreWLAN.framework/Versions/A/CoreWLAN
0x00007ff82b88c000 	/System/Library/Frameworks/IOBluetooth.framework/Versions/A/IOBluetooth
0x00007ff830c3a000 	/System/Library/PrivateFrameworks/CoreWiFi.framework/Versions/A/CoreWiFi
0x00007ff82f667000 	/System/Library/PrivateFrameworks/FrontBoardServices.framework/Versions/A/FrontBoardServices
0x00007ff82f6f9000 	/System/Library/PrivateFrameworks/BoardServices.framework/Versions/A/BoardServices
0x00007ff826d47000 	/System/Library/PrivateFrameworks/AssertionServices.framework/Versions/A/AssertionServices
0x00007ff830dbe000 	/System/Library/PrivateFrameworks/BackBoardServices.framework/Versions/A/BackBoardServices
0x00007ff82ac90000 	/System/Library/PrivateFrameworks/CorePhoneNumbers.framework/Versions/A/CorePhoneNumbers
0x00007ff82e965000 	/System/Library/PrivateFrameworks/DiskManagement.framework/Versions/A/DiskManagement
0x00007ff82e879000 	/System/Library/PrivateFrameworks/AppleIDAuthSupport.framework/Versions/A/AppleIDAuthSupport
0x00007ffa3b2bd000 	/System/Library/PrivateFrameworks/AAAFoundation.framework/Versions/A/AAAFoundation
0x00007ff82ac71000 	/System/Library/PrivateFrameworks/KeychainCircle.framework/Versions/A/KeychainCircle
0x00007ff82e931000 	/System/Library/PrivateFrameworks/MediaKit.framework/Versions/A/MediaKit
0x00007ff82e885000 	/System/Library/Frameworks/DiscRecording.framework/Versions/A/DiscRecording
0x00007ff828329000 	/usr/lib/libCoreStorage.dylib
0x00007ff8310ad000 	/usr/lib/libcsfde.dylib
0x00007ff82b959000 	/System/Library/PrivateFrameworks/ProtectedCloudStorage.framework/Versions/A/ProtectedCloudStorage
0x00007ff8310a9000 	/System/Library/PrivateFrameworks/EFILogin.framework/Versions/A/EFILogin
0x00007ff82efe1000 	/System/Library/PrivateFrameworks/OctagonTrust.framework/Versions/A/OctagonTrust
0x00007ffb1f9da000 	/System/Library/PrivateFrameworks/CoreUtilsExtras.framework/Versions/A/CoreUtilsExtras
0x00007ff82e7bb000 	/System/Library/Frameworks/CoreBluetooth.framework/Versions/A/CoreBluetooth
0x00007ff831723000 	/System/Library/Frameworks/AudioUnit.framework/Versions/A/AudioUnit
0x00007ff828321000 	/usr/lib/libMatch.1.dylib
0x00007ff9266bc000 	/System/Library/Frameworks/Accelerate.framework/Versions/A/Frameworks/vImage.framework/Versions/A/Libraries/libCGInterfaces.dylib
0x000000010b7e1000 	/usr/lib/libobjc-trampolines.dylib
0x00007ff824018000 	/System/Library/PrivateFrameworks/ViewBridge.framework/Versions/A/ViewBridge
0x00007ffb325d1000 	/usr/lib/libRosetta.dylib
0x00007ffa3b977000 	/System/Library/PrivateFrameworks/AccessibilityBundles.framework/Versions/A/AccessibilityBundles
0x000000012c05a000 	/Users/maratisaw/lib/javafx-sdk-11.0.2/lib/libjavafx_font.dylib
0x00007ff828a7e000 	/System/Library/PrivateFrameworks/login.framework/Versions/A/login


VM Arguments:
jvm_args: --module-path=/Users/maratisaw/lib/javafx-sdk-11.0.2/lib --add-modules=javafx.controls,javafx.fxml -Dfile.encoding=UTF-8 
java_command: pkgMain.MainApp
java_class_path (initial): /Users/maratisaw/School/3AHIF/pos-java/FX_CarV4/bin:/Users/maratisaw/School/3AHIF/pos-java/FX_CarV4/libs/gson-2.5.jar:/Users/maratisaw/School/3AHIF/pos-java/FX_CarV4/libs/ojdbc8.jar:/Users/maratisaw/lib/javafx-sdk-11.0.2/lib/javafx.base.jar:/Users/maratisaw/lib/javafx-sdk-11.0.2/lib/javafx.controls.jar:/Users/maratisaw/lib/javafx-sdk-11.0.2/lib/javafx.fxml.jar:/Users/maratisaw/lib/javafx-sdk-11.0.2/lib/javafx.graphics.jar:/Users/maratisaw/lib/javafx-sdk-11.0.2/lib/javafx.media.jar:/Users/maratisaw/lib/javafx-sdk-11.0.2/lib/javafx.swing.jar:/Users/maratisaw/lib/javafx-sdk-11.0.2/lib/javafx.web.jar
Launcher Type: SUN_STANDARD

[Global flags]
     intx CICompilerCount                          = 3                                         {product} {ergonomic}
     uint ConcGCThreads                            = 1                                         {product} {ergonomic}
     uint G1ConcRefinementThreads                  = 4                                         {product} {ergonomic}
   size_t G1HeapRegionSize                         = 1048576                                   {product} {ergonomic}
    uintx GCDrainStackTargetSize                   = 64                                        {product} {ergonomic}
   size_t InitialHeapSize                          = 134217728                                 {product} {ergonomic}
   size_t MarkStackSize                            = 4194304                                   {product} {ergonomic}
   size_t MaxHeapSize                              = 2147483648                                {product} {ergonomic}
   size_t MaxNewSize                               = 1287651328                                {product} {ergonomic}
   size_t MinHeapDeltaBytes                        = 1048576                                   {product} {ergonomic}
    uintx NonNMethodCodeHeapSize                   = 5830732                                {pd product} {ergonomic}
    uintx NonProfiledCodeHeapSize                  = 122913754                              {pd product} {ergonomic}
    uintx ProfiledCodeHeapSize                     = 122913754                              {pd product} {ergonomic}
    uintx ReservedCodeCacheSize                    = 251658240                              {pd product} {ergonomic}
     bool SegmentedCodeCache                       = true                                      {product} {ergonomic}
     bool UseCompressedClassPointers               = true                                 {lp64_product} {ergonomic}
     bool UseCompressedOops                        = true                                 {lp64_product} {ergonomic}
     bool UseG1GC                                  = true                                      {product} {ergonomic}

Logging:
Log output configuration:
 #0: stdout all=warning uptime,level,tags
 #1: stderr all=off uptime,level,tags

Environment Variables:
PATH=/usr/bin:/bin:/usr/sbin:/sbin
SHELL=/usr/local/bin/fish
DISPLAY=/private/tmp/com.apple.launchd.kTRn9Fi4jn/org.xquartz:0

Signal Handlers:
SIGSEGV: [libjvm.dylib+0x787cc8], sa_mask[0]=11111111011111110111111111111111, sa_flags=SA_ONSTACK|SA_RESTART|SA_SIGINFO
SIGBUS: [libjvm.dylib+0x787cc8], sa_mask[0]=11111111011111110111111111111111, sa_flags=SA_RESTART|SA_SIGINFO
SIGFPE: [libjvm.dylib+0x787cc8], sa_mask[0]=11111111011111110111111111111111, sa_flags=SA_RESTART|SA_SIGINFO
SIGPIPE: [libjvm.dylib+0x63aa37], sa_mask[0]=11111111011111110111111111111111, sa_flags=SA_RESTART|SA_SIGINFO
SIGXFSZ: [libjvm.dylib+0x63aa37], sa_mask[0]=11111111011111110111111111111111, sa_flags=SA_RESTART|SA_SIGINFO
SIGILL: [libjvm.dylib+0x787cc8], sa_mask[0]=11111111011111110111111111111111, sa_flags=SA_RESTART|SA_SIGINFO
SIGUSR2: [libjvm.dylib+0x63b00c], sa_mask[0]=00100000000000000000000000000000, sa_flags=SA_RESTART|SA_SIGINFO
SIGHUP: [libjvm.dylib+0x639b0f], sa_mask[0]=11111111011111110111111111111111, sa_flags=SA_RESTART|SA_SIGINFO
SIGINT: [libjvm.dylib+0x639b0f], sa_mask[0]=11111111011111110111111111111111, sa_flags=SA_RESTART|SA_SIGINFO
SIGTERM: [libjvm.dylib+0x639b0f], sa_mask[0]=11111111011111110111111111111111, sa_flags=SA_RESTART|SA_SIGINFO
SIGQUIT: [libjvm.dylib+0x639b0f], sa_mask[0]=11111111011111110111111111111111, sa_flags=SA_RESTART|SA_SIGINFO


---------------  S Y S T E M  ---------------

OS:uname:Darwin 21.2.0 Darwin Kernel Version 21.2.0: Sun Nov 28 20:28:54 PST 2021; root:xnu-8019.61.5~1/RELEASE_X86_64 x86_64
rlimit: STACK 8192k, CORE 0k, NPROC 1392, NOFILE 10240, AS infinity, DATA infinity, FSIZE infinity
load average:1.76 2.58 2.67

CPU:total 4 (initial active 4) (4 cores per cpu, 1 threads per core) family 6 model 71 stepping 1 microcode 0x22, cmov, cx8, fxsr, mmx, sse, sse2, sse3, ssse3, sse4.1, sse4.2, popcnt, avx, avx2, aes, clmul, erms, rtm, 3dnowpref, lzcnt, tsc, tscinvbit, bmi1, bmi2, adx, fma

Memory: 4k page, physical 8388608k(17572k free)

vm_info: Java HotSpot(TM) 64-Bit Server VM (11.0.13+10-LTS-370) for bsd-amd64 JRE (11.0.13+10-LTS-370), built on Sep 15 2021 21:10:43 by "mach5one" with gcc 4.2.1 Compatible Apple LLVM 11.0.0 (clang-1100.0.33.17)

END.
