#
# A fatal error has been detected by the Java Runtime Environment:
#
#  Internal Error (safepoint.cpp:919), pid=6521, tid=35847
#  fatal error: Illegal threadstate encountered: 4
#
# JRE version: Java(TM) SE Runtime Environment 18.9 (11.0.13+10) (build 11.0.13+10-LTS-370)
# Java VM: Java HotSpot(TM) 64-Bit Server VM 18.9 (11.0.13+10-LTS-370, mixed mode, tiered, compressed oops, g1 gc, bsd-amd64)
# No core dump will be written. Core dumps have been disabled. To enable core dumping, try "ulimit -c unlimited" before starting Java again
#
# If you would like to submit a bug report, please visit:
#   https://bugreport.java.com/bugreport/crash.jsp
# The crash happened outside the Java Virtual Machine in native code.
# See problematic frame for where to report the bug.
#

---------------  S U M M A R Y ------------

Command Line: -agentlib:jdwp=transport=dt_socket,suspend=y,address=localhost:53741 --module-path=/Users/maratisaw/lib/javafx-sdk-11.0.2/lib --add-modules=javafx.controls,javafx.fxml -javaagent:/Applications/Eclipse Java.app/Contents/Eclipse/configuration/org.eclipse.osgi/212/0/.cp/lib/javaagent-shaded.jar -Dfile.encoding=UTF-8 pkgMain.MainApp

Host: iMac16,2 x86_64 2800 MHz, 4 cores, 8G, Darwin 21.2.0
Time: Wed Feb 23 20:50:00 2022 CET elapsed time: 6.179731 seconds (0d 0h 0m 6s)

---------------  T H R E A D  ---------------

Current thread (0x00007f82d3132800):  JavaThread "InvokeLaterDispatcher" daemon [_thread_in_native, id=35847, stack(0x0000700009930000,0x0000700009a30000)]

Stack: [0x0000700009930000,0x0000700009a30000],  sp=0x0000700009a2e290,  free space=1016k
Native frames: (J=compiled Java code, j=interpreted, Vv=VM code, C=native code)
V  [libjvm.dylib+0x786e36]  _ZN7VMError14report_and_dieEiPKcS1_P13__va_list_tagP6ThreadPhPvS7_S1_im+0x54c
V  [libjvm.dylib+0x25569c]  _Z12report_fatal11VMErrorTypePKciS1_z+0xbc
V  [libjvm.dylib+0x6a723c]  _ZN20SafepointSynchronize5blockEP10JavaThread+0x1d8
V  [libjvm.dylib+0x6a8da5]  _ZN18SafepointMechanism23block_if_requested_slowEP10JavaThread+0x1d
V  [libjvm.dylib+0x736692]  _ZN10JavaThread44check_safepoint_and_suspend_for_native_transEPS_+0x9c
V  [libjvm.dylib+0x3ce004]  jni_DeleteGlobalRef+0x91
C  [libglass.dylib+0x8851]  -[GlassRunnable dealloc]+0x31
C  [Foundation+0x80e9b]  -[_NSThreadPerformInfo dealloc]+0x2a
C  [Foundation+0x4dcc7]  -[NSObject(NSThreadPerformAdditions) performSelectorOnMainThread:withObject:waitUntilDone:]+0x7c
j  com.sun.glass.ui.mac.MacApplication._submitForLaterInvocation(Ljava/lang/Runnable;)V+0 javafx.graphics
j  com.sun.glass.ui.mac.MacApplication.submitForLaterInvocation(Ljava/lang/Runnable;)V+2 javafx.graphics
j  com.sun.glass.ui.InvokeLaterDispatcher.run()V+82 javafx.graphics
v  ~StubRoutines::call_stub
V  [libjvm.dylib+0x38f493]  _ZN9JavaCalls11call_helperEP9JavaValueRK12methodHandleP17JavaCallArgumentsP6Thread+0x207
V  [libjvm.dylib+0x38e90b]  _ZN9JavaCalls12call_virtualEP9JavaValueP5KlassP6SymbolS5_P17JavaCallArgumentsP6Thread+0xe9
V  [libjvm.dylib+0x38e9c6]  _ZN9JavaCalls12call_virtualEP9JavaValue6HandleP5KlassP6SymbolS6_P6Thread+0x62
V  [libjvm.dylib+0x4168d3]  _ZL12thread_entryP10JavaThreadP6Thread+0x78
V  [libjvm.dylib+0x7350f6]  _ZN10JavaThread17thread_main_innerEv+0x82
V  [libjvm.dylib+0x734f47]  _ZN10JavaThread3runEv+0x121
V  [libjvm.dylib+0x732e0a]  _ZN6Thread8call_runEv+0x68
V  [libjvm.dylib+0x638a52]  _ZL19thread_native_entryP6Thread+0x136
C  [libsystem_pthread.dylib+0x64f4]  _pthread_start+0x7d
C  [libsystem_pthread.dylib+0x200f]  thread_start+0xf

Java frames: (J=compiled Java code, j=interpreted, Vv=VM code)
j  com.sun.glass.ui.mac.MacApplication._submitForLaterInvocation(Ljava/lang/Runnable;)V+0 javafx.graphics
j  com.sun.glass.ui.mac.MacApplication.submitForLaterInvocation(Ljava/lang/Runnable;)V+2 javafx.graphics
j  com.sun.glass.ui.InvokeLaterDispatcher.run()V+82 javafx.graphics
v  ~StubRoutines::call_stub

---------------  P R O C E S S  ---------------

Threads class SMR info:
_java_thread_list=0x00006000009bfec0, length=19, elements={
0x00007f82d200c800, 0x00007f82d480e000, 0x00007f82d4813000, 0x00007f82d4819800,
0x00007f82d300f800, 0x00007f82d3017800, 0x00007f82d3022000, 0x00007f82d380e000,
0x00007f82d48b8800, 0x00007f82d38e9800, 0x00007f82d20c3800, 0x00007f82d20f7000,
0x00007f82d21fb000, 0x00007f82d3132800, 0x00007f82d3133800, 0x00007f82d49bc000,
0x00007f82d49ad800, 0x00007f82d792d800, 0x00007f82d3795800
}

Java Threads: ( => current thread )
  0x00007f82d200c800 JavaThread "main" [_thread_blocked, id=10243, stack(0x00007000081e8000,0x00007000082e8000)]
  0x00007f82d480e000 JavaThread "Reference Handler" daemon [_thread_blocked, id=13827, stack(0x00007000088fd000,0x00007000089fd000)]
  0x00007f82d4813000 JavaThread "Finalizer" daemon [_thread_blocked, id=14595, stack(0x0000700008a00000,0x0000700008b00000)]
  0x00007f82d4819800 JavaThread "Signal Dispatcher" daemon [_thread_blocked, id=17667, stack(0x0000700008c09000,0x0000700008d09000)]
  0x00007f82d300f800 JavaThread "Service Thread" daemon [_thread_blocked, id=21763, stack(0x0000700008d0c000,0x0000700008e0c000)]
  0x00007f82d3017800 JavaThread "C2 CompilerThread0" daemon [_thread_in_native, id=22019, stack(0x0000700008e0f000,0x0000700008f0f000)]
  0x00007f82d3022000 JavaThread "C1 CompilerThread0" daemon [_thread_blocked, id=42499, stack(0x0000700008f12000,0x0000700009012000)]
  0x00007f82d380e000 JavaThread "Sweeper thread" daemon [_thread_blocked, id=41731, stack(0x0000700009015000,0x0000700009115000)]
  0x00007f82d48b8800 JavaThread "Common-Cleaner" daemon [_thread_blocked, id=22787, stack(0x0000700009118000,0x0000700009218000)]
  0x00007f82d38e9800 JavaThread "JDWP Transport Listener: dt_socket" daemon [_thread_blocked, id=40707, stack(0x000070000921b000,0x000070000931b000)]
  0x00007f82d20c3800 JavaThread "JDWP Event Helper Thread" daemon [_thread_blocked, id=39939, stack(0x000070000931e000,0x000070000941e000)]
  0x00007f82d20f7000 JavaThread "JDWP Command Reader" daemon [_thread_in_native, id=39683, stack(0x0000700009421000,0x0000700009521000)]
  0x00007f82d21fb000 JavaThread "QuantumRenderer-0" daemon [_thread_blocked, id=24579, stack(0x000070000982d000,0x000070000992d000)]
=>0x00007f82d3132800 JavaThread "InvokeLaterDispatcher" daemon [_thread_in_native, id=35847, stack(0x0000700009930000,0x0000700009a30000)]
  0x00007f82d3133800 JavaThread "JavaFX Application Thread" [_thread_in_native_trans, id=259, stack(0x00007ff7b4d38000,0x00007ff7b5538000)]
  0x00007f82d49bc000 JavaThread "Thread-2" daemon [_thread_in_native, id=46607, stack(0x0000700009a33000,0x0000700009ab3000)]
  0x00007f82d49ad800 JavaThread "JavaFX-Launcher" [_thread_blocked, id=74499, stack(0x0000700009c3f000,0x0000700009d3f000)]
  0x00007f82d792d800 JavaThread "Prism Font Disposer" daemon [_thread_blocked, id=57887, stack(0x0000700009e45000,0x0000700009f45000)]
  0x00007f82d3795800 JavaThread "Cleaner-0" daemon [_thread_blocked, id=67859, stack(0x0000700009f48000,0x000070000a048000)]

Other Threads:
  0x00007f82d2056000 VMThread "VM Thread" [stack: 0x00007000087fa000,0x00007000088fa000] [id=13315]
  0x00007f82d30f8000 WatcherThread [stack: 0x0000700009524000,0x0000700009624000] [id=23811]
  0x00007f82d380d000 GCTaskThread "GC Thread#0" [stack: 0x00007000082eb000,0x00007000083eb000] [id=11523]
  0x00007f82d48c1800 GCTaskThread "GC Thread#1" [stack: 0x0000700009627000,0x0000700009727000] [id=39171]
  0x00007f82d48c2000 GCTaskThread "GC Thread#2" [stack: 0x000070000972a000,0x000070000982a000] [id=38915]
  0x00007f82d2287800 GCTaskThread "GC Thread#3" [stack: 0x0000700009d42000,0x0000700009e42000] [id=73739]
  0x00007f82d383b000 ConcurrentGCThread "G1 Main Marker" [stack: 0x00007000083ee000,0x00007000084ee000] [id=12035]
  0x00007f82d383c000 ConcurrentGCThread "G1 Conc#0" [stack: 0x00007000084f1000,0x00007000085f1000] [id=20739]
  0x00007f82d388c800 ConcurrentGCThread "G1 Refine#0" [stack: 0x00007000085f4000,0x00007000086f4000] [id=20227]
  0x00007f82d388d800 ConcurrentGCThread "G1 Young RemSet Sampling" [stack: 0x00007000086f7000,0x00007000087f7000] [id=19715]

Threads with active compile tasks:
C2 CompilerThread0   6201 3581       4       javafx.css.SimpleSelector::applies (221 bytes)

VM state:not at safepoint (normal execution)

VM Mutex/Monitor currently owned by a thread: None

Heap address: 0x0000000780000000, size: 2048 MB, Compressed Oops mode: Zero based, Oop shift amount: 3
Narrow klass base: 0x0000000800000000, Narrow klass shift: 0
Compressed class space size: 1073741824 Address: 0x0000000800000000

Heap:
 garbage-first heap   total 131072K, used 25914K [0x0000000780000000, 0x0000000800000000)
  region size 1024K, 23 young (23552K), 9 survivors (9216K)
 Metaspace       used 30867K, capacity 32374K, committed 32560K, reserved 1077248K
  class space    used 3995K, capacity 4599K, committed 4656K, reserved 1048576K
Heap Regions: E=young(eden), S=young(survivor), O=old, HS=humongous(starts), HC=humongous(continues), CS=collection set, F=free, A=archive, TAMS=top-at-mark-start (previous, next)
|   0|0x0000000780000000, 0x0000000780100000, 0x0000000780100000|100%| O|  |TAMS 0x0000000780051c00, 0x0000000780000000| Untracked 
|   1|0x0000000780100000, 0x0000000780200000, 0x0000000780200000|100%| O|  |TAMS 0x0000000780100000, 0x0000000780100000| Untracked 
|   2|0x0000000780200000, 0x0000000780250c00, 0x0000000780300000| 31%| O|  |TAMS 0x0000000780200000, 0x0000000780200000| Untracked 
|   3|0x0000000780300000, 0x0000000780400000, 0x0000000780400000|100%|HS|  |TAMS 0x0000000780300000, 0x0000000780300000| Complete 
|   4|0x0000000780400000, 0x0000000780500000, 0x0000000780500000|100%|HC|  |TAMS 0x0000000780400000, 0x0000000780400000| Complete 
|   5|0x0000000780500000, 0x0000000780500000, 0x0000000780600000|  0%| F|  |TAMS 0x0000000780500000, 0x0000000780500000| Untracked 
|   6|0x0000000780600000, 0x0000000780600000, 0x0000000780700000|  0%| F|  |TAMS 0x0000000780600000, 0x0000000780600000| Untracked 
|   7|0x0000000780700000, 0x0000000780700000, 0x0000000780800000|  0%| F|  |TAMS 0x0000000780700000, 0x0000000780700000| Untracked 
|   8|0x0000000780800000, 0x0000000780800000, 0x0000000780900000|  0%| F|  |TAMS 0x0000000780800000, 0x0000000780800000| Untracked 
|   9|0x0000000780900000, 0x0000000780900000, 0x0000000780a00000|  0%| F|  |TAMS 0x0000000780900000, 0x0000000780900000| Untracked 
|  10|0x0000000780a00000, 0x0000000780a00000, 0x0000000780b00000|  0%| F|  |TAMS 0x0000000780a00000, 0x0000000780a00000| Untracked 
|  11|0x0000000780b00000, 0x0000000780b00000, 0x0000000780c00000|  0%| F|  |TAMS 0x0000000780b00000, 0x0000000780b00000| Untracked 
|  12|0x0000000780c00000, 0x0000000780c00000, 0x0000000780d00000|  0%| F|  |TAMS 0x0000000780c00000, 0x0000000780c00000| Untracked 
|  13|0x0000000780d00000, 0x0000000780d00000, 0x0000000780e00000|  0%| F|  |TAMS 0x0000000780d00000, 0x0000000780d00000| Untracked 
|  14|0x0000000780e00000, 0x0000000780e00000, 0x0000000780f00000|  0%| F|  |TAMS 0x0000000780e00000, 0x0000000780e00000| Untracked 
|  15|0x0000000780f00000, 0x0000000780f00000, 0x0000000781000000|  0%| F|  |TAMS 0x0000000780f00000, 0x0000000780f00000| Untracked 
|  16|0x0000000781000000, 0x0000000781000000, 0x0000000781100000|  0%| F|  |TAMS 0x0000000781000000, 0x0000000781000000| Untracked 
|  17|0x0000000781100000, 0x0000000781100000, 0x0000000781200000|  0%| F|  |TAMS 0x0000000781100000, 0x0000000781100000| Untracked 
|  18|0x0000000781200000, 0x0000000781200000, 0x0000000781300000|  0%| F|  |TAMS 0x0000000781200000, 0x0000000781200000| Untracked 
|  19|0x0000000781300000, 0x0000000781300000, 0x0000000781400000|  0%| F|  |TAMS 0x0000000781300000, 0x0000000781300000| Untracked 
|  20|0x0000000781400000, 0x0000000781400000, 0x0000000781500000|  0%| F|  |TAMS 0x0000000781400000, 0x0000000781400000| Untracked 
|  21|0x0000000781500000, 0x0000000781500000, 0x0000000781600000|  0%| F|  |TAMS 0x0000000781500000, 0x0000000781500000| Untracked 
|  22|0x0000000781600000, 0x0000000781600000, 0x0000000781700000|  0%| F|  |TAMS 0x0000000781600000, 0x0000000781600000| Untracked 
|  23|0x0000000781700000, 0x0000000781700000, 0x0000000781800000|  0%| F|  |TAMS 0x0000000781700000, 0x0000000781700000| Untracked 
|  24|0x0000000781800000, 0x0000000781800000, 0x0000000781900000|  0%| F|  |TAMS 0x0000000781800000, 0x0000000781800000| Untracked 
|  25|0x0000000781900000, 0x0000000781900000, 0x0000000781a00000|  0%| F|  |TAMS 0x0000000781900000, 0x0000000781900000| Untracked 
|  26|0x0000000781a00000, 0x0000000781a00000, 0x0000000781b00000|  0%| F|  |TAMS 0x0000000781a00000, 0x0000000781a00000| Untracked 
|  27|0x0000000781b00000, 0x0000000781b00000, 0x0000000781c00000|  0%| F|  |TAMS 0x0000000781b00000, 0x0000000781b00000| Untracked 
|  28|0x0000000781c00000, 0x0000000781c00000, 0x0000000781d00000|  0%| F|  |TAMS 0x0000000781c00000, 0x0000000781c00000| Untracked 
|  29|0x0000000781d00000, 0x0000000781d00000, 0x0000000781e00000|  0%| F|  |TAMS 0x0000000781d00000, 0x0000000781d00000| Untracked 
|  30|0x0000000781e00000, 0x0000000781e00000, 0x0000000781f00000|  0%| F|  |TAMS 0x0000000781e00000, 0x0000000781e00000| Untracked 
|  31|0x0000000781f00000, 0x0000000781f00000, 0x0000000782000000|  0%| F|  |TAMS 0x0000000781f00000, 0x0000000781f00000| Untracked 
|  32|0x0000000782000000, 0x0000000782000000, 0x0000000782100000|  0%| F|  |TAMS 0x0000000782000000, 0x0000000782000000| Untracked 
|  33|0x0000000782100000, 0x0000000782100000, 0x0000000782200000|  0%| F|  |TAMS 0x0000000782100000, 0x0000000782100000| Untracked 
|  34|0x0000000782200000, 0x0000000782200000, 0x0000000782300000|  0%| F|  |TAMS 0x0000000782200000, 0x0000000782200000| Untracked 
|  35|0x0000000782300000, 0x0000000782300000, 0x0000000782400000|  0%| F|  |TAMS 0x0000000782300000, 0x0000000782300000| Untracked 
|  36|0x0000000782400000, 0x0000000782400000, 0x0000000782500000|  0%| F|  |TAMS 0x0000000782400000, 0x0000000782400000| Untracked 
|  37|0x0000000782500000, 0x0000000782500000, 0x0000000782600000|  0%| F|  |TAMS 0x0000000782500000, 0x0000000782500000| Untracked 
|  38|0x0000000782600000, 0x0000000782600000, 0x0000000782700000|  0%| F|  |TAMS 0x0000000782600000, 0x0000000782600000| Untracked 
|  39|0x0000000782700000, 0x0000000782700000, 0x0000000782800000|  0%| F|  |TAMS 0x0000000782700000, 0x0000000782700000| Untracked 
|  40|0x0000000782800000, 0x0000000782800000, 0x0000000782900000|  0%| F|  |TAMS 0x0000000782800000, 0x0000000782800000| Untracked 
|  41|0x0000000782900000, 0x0000000782900000, 0x0000000782a00000|  0%| F|  |TAMS 0x0000000782900000, 0x0000000782900000| Untracked 
|  42|0x0000000782a00000, 0x0000000782a00000, 0x0000000782b00000|  0%| F|  |TAMS 0x0000000782a00000, 0x0000000782a00000| Untracked 
|  43|0x0000000782b00000, 0x0000000782b00000, 0x0000000782c00000|  0%| F|  |TAMS 0x0000000782b00000, 0x0000000782b00000| Untracked 
|  44|0x0000000782c00000, 0x0000000782c00000, 0x0000000782d00000|  0%| F|  |TAMS 0x0000000782c00000, 0x0000000782c00000| Untracked 
|  45|0x0000000782d00000, 0x0000000782dfdd90, 0x0000000782e00000| 99%| S|CS|TAMS 0x0000000782d00000, 0x0000000782d00000| Complete 
|  46|0x0000000782e00000, 0x0000000782f00000, 0x0000000782f00000|100%| S|CS|TAMS 0x0000000782e00000, 0x0000000782e00000| Complete 
|  47|0x0000000782f00000, 0x0000000783000000, 0x0000000783000000|100%| S|CS|TAMS 0x0000000782f00000, 0x0000000782f00000| Complete 
|  48|0x0000000783000000, 0x0000000783100000, 0x0000000783100000|100%| S|CS|TAMS 0x0000000783000000, 0x0000000783000000| Complete 
|  49|0x0000000783100000, 0x0000000783200000, 0x0000000783200000|100%| S|CS|TAMS 0x0000000783100000, 0x0000000783100000| Complete 
|  50|0x0000000783200000, 0x0000000783300000, 0x0000000783300000|100%| S|CS|TAMS 0x0000000783200000, 0x0000000783200000| Complete 
|  51|0x0000000783300000, 0x0000000783300000, 0x0000000783400000|  0%| F|  |TAMS 0x0000000783300000, 0x0000000783300000| Untracked 
|  52|0x0000000783400000, 0x0000000783400000, 0x0000000783500000|  0%| F|  |TAMS 0x0000000783400000, 0x0000000783400000| Untracked 
|  53|0x0000000783500000, 0x0000000783500000, 0x0000000783600000|  0%| F|  |TAMS 0x0000000783500000, 0x0000000783500000| Untracked 
|  54|0x0000000783600000, 0x0000000783600000, 0x0000000783700000|  0%| F|  |TAMS 0x0000000783600000, 0x0000000783600000| Untracked 
|  55|0x0000000783700000, 0x0000000783700000, 0x0000000783800000|  0%| F|  |TAMS 0x0000000783700000, 0x0000000783700000| Untracked 
|  56|0x0000000783800000, 0x0000000783800000, 0x0000000783900000|  0%| F|  |TAMS 0x0000000783800000, 0x0000000783800000| Untracked 
|  57|0x0000000783900000, 0x0000000783900000, 0x0000000783a00000|  0%| F|  |TAMS 0x0000000783900000, 0x0000000783900000| Untracked 
|  58|0x0000000783a00000, 0x0000000783b00000, 0x0000000783b00000|100%| S|CS|TAMS 0x0000000783a00000, 0x0000000783a00000| Complete 
|  59|0x0000000783b00000, 0x0000000783c00000, 0x0000000783c00000|100%| S|CS|TAMS 0x0000000783b00000, 0x0000000783b00000| Complete 
|  60|0x0000000783c00000, 0x0000000783d00000, 0x0000000783d00000|100%| S|CS|TAMS 0x0000000783c00000, 0x0000000783c00000| Complete 
|  61|0x0000000783d00000, 0x0000000783d00000, 0x0000000783e00000|  0%| F|  |TAMS 0x0000000783d00000, 0x0000000783d00000| Untracked 
|  62|0x0000000783e00000, 0x0000000783e00000, 0x0000000783f00000|  0%| F|  |TAMS 0x0000000783e00000, 0x0000000783e00000| Untracked 
|  63|0x0000000783f00000, 0x0000000783f00000, 0x0000000784000000|  0%| F|  |TAMS 0x0000000783f00000, 0x0000000783f00000| Untracked 
|  64|0x0000000784000000, 0x0000000784000000, 0x0000000784100000|  0%| F|  |TAMS 0x0000000784000000, 0x0000000784000000| Untracked 
|  65|0x0000000784100000, 0x0000000784100000, 0x0000000784200000|  0%| F|  |TAMS 0x0000000784100000, 0x0000000784100000| Untracked 
|  66|0x0000000784200000, 0x0000000784200000, 0x0000000784300000|  0%| F|  |TAMS 0x0000000784200000, 0x0000000784200000| Untracked 
|  67|0x0000000784300000, 0x0000000784300000, 0x0000000784400000|  0%| F|  |TAMS 0x0000000784300000, 0x0000000784300000| Untracked 
|  68|0x0000000784400000, 0x0000000784400000, 0x0000000784500000|  0%| F|  |TAMS 0x0000000784400000, 0x0000000784400000| Untracked 
|  69|0x0000000784500000, 0x0000000784500000, 0x0000000784600000|  0%| F|  |TAMS 0x0000000784500000, 0x0000000784500000| Untracked 
|  70|0x0000000784600000, 0x0000000784600000, 0x0000000784700000|  0%| F|  |TAMS 0x0000000784600000, 0x0000000784600000| Untracked 
|  71|0x0000000784700000, 0x0000000784700000, 0x0000000784800000|  0%| F|  |TAMS 0x0000000784700000, 0x0000000784700000| Untracked 
|  72|0x0000000784800000, 0x0000000784800000, 0x0000000784900000|  0%| F|  |TAMS 0x0000000784800000, 0x0000000784800000| Untracked 
|  73|0x0000000784900000, 0x0000000784900000, 0x0000000784a00000|  0%| F|  |TAMS 0x0000000784900000, 0x0000000784900000| Untracked 
|  74|0x0000000784a00000, 0x0000000784a00000, 0x0000000784b00000|  0%| F|  |TAMS 0x0000000784a00000, 0x0000000784a00000| Untracked 
|  75|0x0000000784b00000, 0x0000000784b00000, 0x0000000784c00000|  0%| F|  |TAMS 0x0000000784b00000, 0x0000000784b00000| Untracked 
|  76|0x0000000784c00000, 0x0000000784c00000, 0x0000000784d00000|  0%| F|  |TAMS 0x0000000784c00000, 0x0000000784c00000| Untracked 
|  77|0x0000000784d00000, 0x0000000784d00000, 0x0000000784e00000|  0%| F|  |TAMS 0x0000000784d00000, 0x0000000784d00000| Untracked 
|  78|0x0000000784e00000, 0x0000000784e00000, 0x0000000784f00000|  0%| F|  |TAMS 0x0000000784e00000, 0x0000000784e00000| Untracked 
|  79|0x0000000784f00000, 0x0000000784f00000, 0x0000000785000000|  0%| F|  |TAMS 0x0000000784f00000, 0x0000000784f00000| Untracked 
|  80|0x0000000785000000, 0x0000000785000000, 0x0000000785100000|  0%| F|  |TAMS 0x0000000785000000, 0x0000000785000000| Untracked 
|  81|0x0000000785100000, 0x0000000785100000, 0x0000000785200000|  0%| F|  |TAMS 0x0000000785100000, 0x0000000785100000| Untracked 
|  82|0x0000000785200000, 0x0000000785200000, 0x0000000785300000|  0%| F|  |TAMS 0x0000000785200000, 0x0000000785200000| Untracked 
|  83|0x0000000785300000, 0x0000000785300000, 0x0000000785400000|  0%| F|  |TAMS 0x0000000785300000, 0x0000000785300000| Untracked 
|  84|0x0000000785400000, 0x0000000785400000, 0x0000000785500000|  0%| F|  |TAMS 0x0000000785400000, 0x0000000785400000| Untracked 
|  85|0x0000000785500000, 0x0000000785500000, 0x0000000785600000|  0%| F|  |TAMS 0x0000000785500000, 0x0000000785500000| Untracked 
|  86|0x0000000785600000, 0x0000000785600000, 0x0000000785700000|  0%| F|  |TAMS 0x0000000785600000, 0x0000000785600000| Untracked 
|  87|0x0000000785700000, 0x0000000785700000, 0x0000000785800000|  0%| F|  |TAMS 0x0000000785700000, 0x0000000785700000| Untracked 
|  88|0x0000000785800000, 0x0000000785800000, 0x0000000785900000|  0%| F|  |TAMS 0x0000000785800000, 0x0000000785800000| Untracked 
|  89|0x0000000785900000, 0x0000000785900000, 0x0000000785a00000|  0%| F|  |TAMS 0x0000000785900000, 0x0000000785900000| Untracked 
|  90|0x0000000785a00000, 0x0000000785a00000, 0x0000000785b00000|  0%| F|  |TAMS 0x0000000785a00000, 0x0000000785a00000| Untracked 
|  91|0x0000000785b00000, 0x0000000785b00000, 0x0000000785c00000|  0%| F|  |TAMS 0x0000000785b00000, 0x0000000785b00000| Untracked 
|  92|0x0000000785c00000, 0x0000000785c00000, 0x0000000785d00000|  0%| F|  |TAMS 0x0000000785c00000, 0x0000000785c00000| Untracked 
|  93|0x0000000785d00000, 0x0000000785d00000, 0x0000000785e00000|  0%| F|  |TAMS 0x0000000785d00000, 0x0000000785d00000| Untracked 
|  94|0x0000000785e00000, 0x0000000785e00000, 0x0000000785f00000|  0%| F|  |TAMS 0x0000000785e00000, 0x0000000785e00000| Untracked 
|  95|0x0000000785f00000, 0x0000000785f00000, 0x0000000786000000|  0%| F|  |TAMS 0x0000000785f00000, 0x0000000785f00000| Untracked 
|  96|0x0000000786000000, 0x0000000786000000, 0x0000000786100000|  0%| F|  |TAMS 0x0000000786000000, 0x0000000786000000| Untracked 
|  97|0x0000000786100000, 0x0000000786100000, 0x0000000786200000|  0%| F|  |TAMS 0x0000000786100000, 0x0000000786100000| Untracked 
|  98|0x0000000786200000, 0x0000000786200000, 0x0000000786300000|  0%| F|  |TAMS 0x0000000786200000, 0x0000000786200000| Untracked 
|  99|0x0000000786300000, 0x0000000786300000, 0x0000000786400000|  0%| F|  |TAMS 0x0000000786300000, 0x0000000786300000| Untracked 
| 100|0x0000000786400000, 0x0000000786400000, 0x0000000786500000|  0%| F|  |TAMS 0x0000000786400000, 0x0000000786400000| Untracked 
| 101|0x0000000786500000, 0x0000000786500000, 0x0000000786600000|  0%| F|  |TAMS 0x0000000786500000, 0x0000000786500000| Untracked 
| 102|0x0000000786600000, 0x0000000786600000, 0x0000000786700000|  0%| F|  |TAMS 0x0000000786600000, 0x0000000786600000| Untracked 
| 103|0x0000000786700000, 0x0000000786700000, 0x0000000786800000|  0%| F|  |TAMS 0x0000000786700000, 0x0000000786700000| Untracked 
| 104|0x0000000786800000, 0x0000000786800000, 0x0000000786900000|  0%| F|  |TAMS 0x0000000786800000, 0x0000000786800000| Untracked 
| 105|0x0000000786900000, 0x0000000786900000, 0x0000000786a00000|  0%| F|  |TAMS 0x0000000786900000, 0x0000000786900000| Untracked 
| 106|0x0000000786a00000, 0x0000000786a00000, 0x0000000786b00000|  0%| F|  |TAMS 0x0000000786a00000, 0x0000000786a00000| Untracked 
| 107|0x0000000786b00000, 0x0000000786b00000, 0x0000000786c00000|  0%| F|  |TAMS 0x0000000786b00000, 0x0000000786b00000| Untracked 
| 108|0x0000000786c00000, 0x0000000786c00000, 0x0000000786d00000|  0%| F|  |TAMS 0x0000000786c00000, 0x0000000786c00000| Untracked 
| 109|0x0000000786d00000, 0x0000000786d00000, 0x0000000786e00000|  0%| F|  |TAMS 0x0000000786d00000, 0x0000000786d00000| Untracked 
| 110|0x0000000786e00000, 0x0000000786e00000, 0x0000000786f00000|  0%| F|  |TAMS 0x0000000786e00000, 0x0000000786e00000| Untracked 
| 111|0x0000000786f00000, 0x0000000786f00000, 0x0000000787000000|  0%| F|  |TAMS 0x0000000786f00000, 0x0000000786f00000| Untracked 
| 112|0x0000000787000000, 0x0000000787000000, 0x0000000787100000|  0%| F|  |TAMS 0x0000000787000000, 0x0000000787000000| Untracked 
| 113|0x0000000787100000, 0x0000000787100000, 0x0000000787200000|  0%| F|  |TAMS 0x0000000787100000, 0x0000000787100000| Untracked 
| 114|0x0000000787200000, 0x0000000787280800, 0x0000000787300000| 50%| E|  |TAMS 0x0000000787200000, 0x0000000787200000| Complete 
| 115|0x0000000787300000, 0x0000000787400000, 0x0000000787400000|100%| E|CS|TAMS 0x0000000787300000, 0x0000000787300000| Complete 
| 116|0x0000000787400000, 0x0000000787500000, 0x0000000787500000|100%| E|CS|TAMS 0x0000000787400000, 0x0000000787400000| Complete 
| 117|0x0000000787500000, 0x0000000787600000, 0x0000000787600000|100%| E|CS|TAMS 0x0000000787500000, 0x0000000787500000| Complete 
| 118|0x0000000787600000, 0x0000000787700000, 0x0000000787700000|100%| E|CS|TAMS 0x0000000787600000, 0x0000000787600000| Complete 
| 119|0x0000000787700000, 0x0000000787800000, 0x0000000787800000|100%| E|CS|TAMS 0x0000000787700000, 0x0000000787700000| Complete 
| 120|0x0000000787800000, 0x0000000787900000, 0x0000000787900000|100%| E|CS|TAMS 0x0000000787800000, 0x0000000787800000| Complete 
| 121|0x0000000787900000, 0x0000000787a00000, 0x0000000787a00000|100%| E|CS|TAMS 0x0000000787900000, 0x0000000787900000| Complete 
| 122|0x0000000787a00000, 0x0000000787b00000, 0x0000000787b00000|100%| E|CS|TAMS 0x0000000787a00000, 0x0000000787a00000| Complete 
| 123|0x0000000787b00000, 0x0000000787c00000, 0x0000000787c00000|100%| E|CS|TAMS 0x0000000787b00000, 0x0000000787b00000| Complete 
| 124|0x0000000787c00000, 0x0000000787d00000, 0x0000000787d00000|100%| E|CS|TAMS 0x0000000787c00000, 0x0000000787c00000| Complete 
| 125|0x0000000787d00000, 0x0000000787e00000, 0x0000000787e00000|100%| E|CS|TAMS 0x0000000787d00000, 0x0000000787d00000| Complete 
| 126|0x0000000787e00000, 0x0000000787f00000, 0x0000000787f00000|100%| E|  |TAMS 0x0000000787e00000, 0x0000000787e00000| Complete 
| 127|0x0000000787f00000, 0x0000000788000000, 0x0000000788000000|100%| E|CS|TAMS 0x0000000787f00000, 0x0000000787f00000| Complete 

Card table byte_map: [0x000000010b20d000,0x000000010b60d000] _byte_map_base: 0x000000010760d000

Marking Bits (Prev, Next): (CMBitMap*) 0x00007f82d3832650, (CMBitMap*) 0x00007f82d3832618
 Prev Bits: [0x000000010ea07000, 0x0000000110a07000)
 Next Bits: [0x000000010ca07000, 0x000000010ea07000)

Polling page: 0x000000010ab07000

Metaspace:

Usage:
  Non-class:     27.12 MB capacity,    26.24 MB ( 97%) used,   734.77 KB (  3%) free+waste,   167.88 KB ( <1%) overhead. 
      Class:      4.49 MB capacity,     3.90 MB ( 87%) used,   517.20 KB ( 11%) free+waste,    86.44 KB (  2%) overhead. 
       Both:     31.62 MB capacity,    30.14 MB ( 95%) used,     1.22 MB (  4%) free+waste,   254.31 KB ( <1%) overhead. 

Virtual space:
  Non-class space:       28.00 MB reserved,      27.25 MB ( 97%) committed 
      Class space:        1.00 GB reserved,       4.55 MB ( <1%) committed 
             Both:        1.03 GB reserved,      31.80 MB (  3%) committed 

Chunk freelists:
   Non-Class:  640 bytes
       Class:  0 bytes
        Both:  640 bytes

CodeHeap 'non-profiled nmethods': size=120032Kb used=1406Kb max_used=1406Kb free=118625Kb
 bounds [0x000000011fbd3000, 0x000000011fe43000, 0x000000012710b000]
CodeHeap 'profiled nmethods': size=120032Kb used=6463Kb max_used=6463Kb free=113568Kb
 bounds [0x000000011869b000, 0x0000000118ceb000, 0x000000011fbd3000]
CodeHeap 'non-nmethods': size=5696Kb used=1404Kb max_used=1476Kb free=4291Kb
 bounds [0x000000011810b000, 0x000000011837b000, 0x000000011869b000]
 total_blobs=4341 nmethods=3561 adapters=700
 compilation: enabled
              stopped_count=0, restarted_count=0
 full_count=0

Compilation events (10 events):
Event: 6.167 Thread 0x00007f82d3022000 nmethod 3595 0x0000000118cde290 code [0x0000000118cde460, 0x0000000118cde8b0]
Event: 6.167 Thread 0x00007f82d3022000 3596       3       com.sun.javafx.css.StyleManager$CacheContainer::getStyleMap (43 bytes)
Event: 6.168 Thread 0x00007f82d3022000 nmethod 3596 0x0000000118cdea10 code [0x0000000118cdec60, 0x0000000118cdf770]
Event: 6.168 Thread 0x00007f82d3022000 3592       3       java.lang.Math::max (45 bytes)
Event: 6.168 Thread 0x00007f82d3022000 nmethod 3592 0x0000000118cdfa90 code [0x0000000118cdfc40, 0x0000000118cdff30]
Event: 6.168 Thread 0x00007f82d3022000 3588       3       com.sun.javafx.geom.RectBounds::deriveWithNewBounds (80 bytes)
Event: 6.168 Thread 0x00007f82d3022000 nmethod 3588 0x0000000118ce0010 code [0x0000000118ce01e0, 0x0000000118ce07c0]
Event: 6.168 Thread 0x00007f82d3022000 3585       3       com.sun.javafx.scene.NodeHelper::markDirtyImpl (11 bytes)
Event: 6.169 Thread 0x00007f82d3022000 nmethod 3585 0x0000000118ce0990 code [0x0000000118ce0b60, 0x0000000118ce0f80]
Event: 6.169 Thread 0x00007f82d3022000 3584   !   3       com.sun.javafx.text.PrismTextLayout::layout (1635 bytes)

GC Heap History (6 events):
Event: 0.541 GC heap before
{Heap before GC invocations=0 (full 0):
 garbage-first heap   total 131072K, used 14336K [0x0000000780000000, 0x0000000800000000)
  region size 1024K, 14 young (14336K), 0 survivors (0K)
 Metaspace       used 9774K, capacity 9916K, committed 10240K, reserved 1058816K
  class space    used 887K, capacity 940K, committed 1024K, reserved 1048576K
}
Event: 0.544 GC heap after
{Heap after GC invocations=1 (full 0):
 garbage-first heap   total 131072K, used 2375K [0x0000000780000000, 0x0000000800000000)
  region size 1024K, 2 young (2048K), 2 survivors (2048K)
 Metaspace       used 9774K, capacity 9916K, committed 10240K, reserved 1058816K
  class space    used 887K, capacity 940K, committed 1024K, reserved 1048576K
}
Event: 1.522 GC heap before
{Heap before GC invocations=1 (full 0):
 garbage-first heap   total 131072K, used 69959K [0x0000000780000000, 0x0000000800000000)
  region size 1024K, 70 young (71680K), 2 survivors (2048K)
 Metaspace       used 20605K, capacity 21172K, committed 21296K, reserved 1069056K
  class space    used 2327K, capacity 2563K, committed 2608K, reserved 1048576K
}
Event: 1.530 GC heap after
{Heap after GC invocations=2 (full 0):
 garbage-first heap   total 131072K, used 6942K [0x0000000780000000, 0x0000000800000000)
  region size 1024K, 7 young (7168K), 7 survivors (7168K)
 Metaspace       used 20605K, capacity 21172K, committed 21296K, reserved 1069056K
  class space    used 2327K, capacity 2563K, committed 2608K, reserved 1048576K
}
Event: 2.634 GC heap before
{Heap before GC invocations=3 (full 0):
 garbage-first heap   total 131072K, used 75550K [0x0000000780000000, 0x0000000800000000)
  region size 1024K, 74 young (75776K), 7 survivors (7168K)
 Metaspace       used 28750K, capacity 30142K, committed 30512K, reserved 1075200K
  class space    used 3751K, capacity 4306K, committed 4400K, reserved 1048576K
}
Event: 2.643 GC heap after
{Heap after GC invocations=4 (full 0):
 garbage-first heap   total 131072K, used 11578K [0x0000000780000000, 0x0000000800000000)
  region size 1024K, 9 young (9216K), 9 survivors (9216K)
 Metaspace       used 28750K, capacity 30142K, committed 30512K, reserved 1075200K
  class space    used 3751K, capacity 4306K, committed 4400K, reserved 1048576K
}

Deoptimization events (10 events):
Event: 1.561 Thread 0x00007f82d3133800 Uncommon trap: reason=unstable_if action=reinterpret pc=0x000000011fc35880 method=org.eclipse.jdt.launching.internal.org.objectweb.asm.ByteVector.encodeUtf8(Ljava/lang/String;II)Lorg/eclipse/jdt/launching/internal/org/objectweb/asm/ByteVector; @ 139 c2
Event: 1.603 Thread 0x00007f82d3133800 Uncommon trap: reason=unstable_if action=reinterpret pc=0x000000011fc0b170 method=java.util.HashMap.hash(Ljava/lang/Object;)I @ 1 c2
Event: 1.671 Thread 0x00007f82d3133800 Uncommon trap: reason=unstable_if action=reinterpret pc=0x000000011fbf3a60 method=java.lang.StringLatin1.canEncode(I)Z @ 4 c2
Event: 1.749 Thread 0x00007f82d3133800 Uncommon trap: reason=class_check action=maybe_recompile pc=0x000000011fbedfe0 method=java.lang.String.equals(Ljava/lang/Object;)Z @ 8 c2
Event: 1.749 Thread 0x00007f82d3133800 Uncommon trap: reason=class_check action=maybe_recompile pc=0x000000011fbedfe0 method=java.lang.String.equals(Ljava/lang/Object;)Z @ 8 c2
Event: 1.749 Thread 0x00007f82d3133800 Uncommon trap: reason=class_check action=maybe_recompile pc=0x000000011fbedfe0 method=java.lang.String.equals(Ljava/lang/Object;)Z @ 8 c2
Event: 1.751 Thread 0x00007f82d3133800 Uncommon trap: reason=class_check action=maybe_recompile pc=0x000000011fbedfe0 method=java.lang.String.equals(Ljava/lang/Object;)Z @ 8 c2
Event: 1.973 Thread 0x00007f82d3133800 Uncommon trap: reason=unstable_if action=reinterpret pc=0x000000011fbe0364 method=java.lang.CharacterData.of(I)Ljava/lang/CharacterData; @ 4 c2
Event: 2.577 Thread 0x00007f82d3133800 Uncommon trap: reason=unstable_if action=reinterpret pc=0x000000011fc25f34 method=jdk.internal.org.objectweb.asm.Type.getArgumentsAndReturnSizes(Ljava/lang/String;)I @ 47 c2
Event: 5.135 Thread 0x00007f82d3133800 Uncommon trap: reason=unstable_if action=reinterpret pc=0x000000011fc16998 method=java.lang.AbstractStringBuilder.append(Ljava/lang/String;)Ljava/lang/AbstractStringBuilder; @ 1 c2

Classes redefined (0 events):
No events

Internal exceptions (10 events):
Event: 2.579 Thread 0x00007f82d3133800 Exception <a 'java/lang/NoSuchMethodError'{0x0000000783f1b508}: java.lang.invoke.Invokers$Holder.linkToTargetMethod(Ljava/lang/Object;JLjava/lang/Object;)Ljava/lang/Object;> (0x0000000783f1b508) thrown at [./open/src/hotspot/share/interpreter/linkResolver
Event: 3.694 Thread 0x00007f82d3133800 Exception <a 'java/lang/NoSuchMethodError'{0x00000007875599a0}: java.lang.invoke.DirectMethodHandle$Holder.invokeSpecial(Ljava/lang/Object;Ljava/lang/Object;Ljava/lang/Object;)J> (0x00000007875599a0) thrown at [./open/src/hotspot/share/interpreter/linkRes
Event: 3.696 Thread 0x00007f82d3133800 Exception <a 'java/lang/NoSuchMethodError'{0x0000000787568ad0}: java.lang.invoke.DirectMethodHandle$Holder.invokeStatic(Ljava/lang/Object;J)I> (0x0000000787568ad0) thrown at [./open/src/hotspot/share/interpreter/linkResolver.cpp, line 772]
Event: 3.699 Thread 0x00007f82d3133800 Exception <a 'java/lang/NoSuchMethodError'{0x0000000787582768}: java.lang.invoke.DirectMethodHandle$Holder.invokeStatic(Ljava/lang/Object;Ljava/lang/Object;)J> (0x0000000787582768) thrown at [./open/src/hotspot/share/interpreter/linkResolver.cpp, line 772
Event: 3.710 Thread 0x00007f82d21fb000 Exception <a 'java/lang/NoSuchMethodError'{0x00000007874017a8}: java.lang.invoke.DirectMethodHandle$Holder.invokeStaticInit(Ljava/lang/Object;I)Ljava/lang/Object;> (0x00000007874017a8) thrown at [./open/src/hotspot/share/interpreter/linkResolver.cpp, line
Event: 3.712 Thread 0x00007f82d3133800 Exception <a 'java/lang/NoSuchMethodError'{0x000000078745fcd8}: java.lang.invoke.DirectMethodHandle$Holder.invokeStatic(Ljava/lang/Object;Ljava/lang/Object;IIIIILjava/lang/Object;)Ljava/lang/Object;> (0x000000078745fcd8) thrown at [./open/src/hotspot/shar
Event: 3.713 Thread 0x00007f82d3133800 Exception <a 'java/lang/NoSuchMethodError'{0x0000000787470558}: java.lang.invoke.DirectMethodHandle$Holder.invokeStatic(Ljava/lang/Object;Ljava/lang/Object;Ljava/lang/Object;IIIII)Ljava/lang/Object;> (0x0000000787470558) thrown at [./open/src/hotspot/shar
Event: 3.714 Thread 0x00007f82d3133800 Exception <a 'java/lang/NoSuchMethodError'{0x0000000787476db8}: java.lang.invoke.Invokers$Holder.linkToTargetMethod(Ljava/lang/Object;Ljava/lang/Object;IIIIILjava/lang/Object;)Ljava/lang/Object;> (0x0000000787476db8) thrown at [./open/src/hotspot/share/in
Event: 5.133 Thread 0x00007f82d3133800 Exception <a 'java/lang/NullPointerException'{0x00000007873ad250}> (0x00000007873ad250) thrown at [./open/src/hotspot/share/interpreter/linkResolver.cpp, line 1354]
Event: 5.135 Thread 0x00007f82d3133800 Implicit null exception at 0x000000011fc162f2 to 0x000000011fc1697c

Events (10 events):
Event: 5.132 loading class javafx/scene/control/skin/MenuButtonSkinBase done
Event: 5.133 loading class java/lang/Throwable$WrappedPrintStream
Event: 5.133 loading class java/lang/Throwable$PrintStreamOrWriter
Event: 5.133 loading class java/lang/Throwable$PrintStreamOrWriter done
Event: 5.133 loading class java/lang/Throwable$WrappedPrintStream done
Event: 5.135 Thread 0x00007f82d3133800 Uncommon trap: trap_request=0xffffff4d fr.pc=0x000000011fc16998 relative=0x00000000000006d8
Event: 5.135 Thread 0x00007f82d3133800 DEOPT PACKING pc=0x000000011fc16998 sp=0x00007ff7b5530e40
Event: 5.135 Thread 0x00007f82d3133800 DEOPT UNPACKING pc=0x0000000118141425 sp=0x00007ff7b5530de0 mode 2
Event: 6.176 Executing VM operation: RevokeBias
Event: 6.176 Executing VM operation: RevokeBias done


Dynamic libraries:
0x000000010aae8000 	/Library/Java/JavaVirtualMachines/jdk-11.0.13.jdk/Contents/Home/lib/jli/libjli.dylib
0x00007ff82bd5b000 	/System/Library/Frameworks/Cocoa.framework/Versions/A/Cocoa
0x00007ff817be0000 	/System/Library/Frameworks/AppKit.framework/Versions/C/AppKit
0x00007ff81b0d6000 	/System/Library/Frameworks/CoreData.framework/Versions/A/CoreData
0x00007ff815ff7000 	/System/Library/Frameworks/Foundation.framework/Versions/C/Foundation
0x00007ff81fe96000 	/usr/lib/libSystem.B.dylib
0x00007ff818a6f000 	/System/Library/PrivateFrameworks/UIFoundation.framework/Versions/A/UIFoundation
0x00007ff825d0c000 	/System/Library/PrivateFrameworks/RemoteViewServices.framework/Versions/A/RemoteViewServices
0x00007ff81e0fc000 	/System/Library/PrivateFrameworks/XCTTargetBootstrap.framework/Versions/A/XCTTargetBootstrap
0x00007ff821ca6000 	/System/Library/PrivateFrameworks/InternationalSupport.framework/Versions/A/InternationalSupport
0x00007ff821d30000 	/System/Library/PrivateFrameworks/UserActivity.framework/Versions/A/UserActivity
0x00007ff821086000 	/usr/lib/libspindump.dylib
0x00007ff818cfd000 	/System/Library/Frameworks/UniformTypeIdentifiers.framework/Versions/A/UniformTypeIdentifiers
0x00007ff81c839000 	/usr/lib/libapp_launch_measurement.dylib
0x00007ff81baa2000 	/System/Library/PrivateFrameworks/CoreAnalytics.framework/Versions/A/CoreAnalytics
0x00007ff81c83c000 	/System/Library/PrivateFrameworks/CoreAutoLayout.framework/Versions/A/CoreAutoLayout
0x00007ff81da5c000 	/System/Library/Frameworks/Metal.framework/Versions/A/Metal
0x00007ff81e772000 	/usr/lib/liblangid.dylib
0x00007ff81e100000 	/System/Library/PrivateFrameworks/CoreSVG.framework/Versions/A/CoreSVG
0x00007ff81a0c4000 	/System/Library/PrivateFrameworks/SkyLight.framework/Versions/A/SkyLight
0x00007ff81a457000 	/System/Library/Frameworks/CoreGraphics.framework/Versions/A/CoreGraphics
0x00007ff82637b000 	/System/Library/Frameworks/Accelerate.framework/Versions/A/Accelerate
0x00007ff820b01000 	/System/Library/PrivateFrameworks/IconServices.framework/Versions/A/IconServices
0x00007ff81da41000 	/System/Library/Frameworks/IOSurface.framework/Versions/A/IOSurface
0x00007ff81bad0000 	/usr/lib/libDiagnosticMessagesClient.dylib
0x00007ff81fdb6000 	/usr/lib/libz.1.dylib
0x00007ff8299ea000 	/System/Library/Frameworks/ApplicationServices.framework/Versions/A/ApplicationServices
0x00007ff81e0e8000 	/System/Library/PrivateFrameworks/DFRFoundation.framework/Versions/A/DFRFoundation
0x00007ff8174d1000 	/usr/lib/libicucore.A.dylib
0x00007ff8229cb000 	/System/Library/Frameworks/AudioToolbox.framework/Versions/A/AudioToolbox
0x00007ff821cb2000 	/System/Library/PrivateFrameworks/DataDetectorsCore.framework/Versions/A/DataDetectorsCore
0x00007ff91d611000 	/System/Library/PrivateFrameworks/TextInput.framework/Versions/A/TextInput
0x00007ff81a048000 	/usr/lib/libMobileGestalt.dylib
0x00007ff81ddf0000 	/System/Library/Frameworks/Carbon.framework/Versions/A/Frameworks/HIToolbox.framework/Versions/A/HIToolbox
0x00007ff81c266000 	/System/Library/Frameworks/QuartzCore.framework/Versions/A/QuartzCore
0x00007ff817171000 	/System/Library/Frameworks/Security.framework/Versions/A/Security
0x00007ff825d44000 	/System/Library/Frameworks/Carbon.framework/Versions/A/Frameworks/SpeechRecognition.framework/Versions/A/SpeechRecognition
0x00007ff81c599000 	/System/Library/PrivateFrameworks/CoreUI.framework/Versions/A/CoreUI
0x00007ff816a49000 	/System/Library/Frameworks/CoreAudio.framework/Versions/A/CoreAudio
0x00007ff81bbbe000 	/System/Library/Frameworks/DiskArbitration.framework/Versions/A/DiskArbitration
0x00007ff82146d000 	/System/Library/PrivateFrameworks/MultitouchSupport.framework/Versions/A/MultitouchSupport
0x00007ff81a047000 	/usr/lib/libenergytrace.dylib
0x00007ff817acc000 	/System/Library/Frameworks/IOKit.framework/Versions/A/IOKit
0x00007ff826130000 	/System/Library/Frameworks/CoreServices.framework/Versions/A/CoreServices
0x00007ff81c7d3000 	/System/Library/PrivateFrameworks/PerformanceAnalysis.framework/Versions/A/PerformanceAnalysis
0x00007ffa2cddc000 	/System/Library/Frameworks/OpenGL.framework/Versions/A/OpenGL
0x00007ff81f3e7000 	/System/Library/PrivateFrameworks/MobileKeyBag.framework/Versions/A/MobileKeyBag
0x00007ff814fb8000 	/usr/lib/libobjc.A.dylib
0x00007ff81ab23000 	/System/Library/Frameworks/ColorSync.framework/Versions/A/ColorSync
0x00007ff815171000 	/System/Library/Frameworks/CoreFoundation.framework/Versions/A/CoreFoundation
0x00007ff81e379000 	/System/Library/Frameworks/CoreImage.framework/Versions/A/CoreImage
0x00007ff81685f000 	/System/Library/Frameworks/CoreText.framework/Versions/A/CoreText
0x00007ff81e12f000 	/System/Library/Frameworks/ImageIO.framework/Versions/A/ImageIO
0x00007ff81fe9c000 	/System/Library/PrivateFrameworks/SoftLinking.framework/Versions/A/SoftLinking
0x00007ff81c884000 	/usr/lib/libxml2.2.dylib
0x00007ff81507e000 	/usr/lib/libc++.1.dylib
0x00007ff820120000 	/usr/lib/libcompression.dylib
0x00007ff821bdc000 	/System/Library/PrivateFrameworks/TextureIO.framework/Versions/A/TextureIO
0x00007ff820813000 	/usr/lib/libate.dylib
0x00007ff81fe91000 	/usr/lib/system/libcache.dylib
0x00007ff81fe4d000 	/usr/lib/system/libcommonCrypto.dylib
0x00007ff81fe76000 	/usr/lib/system/libcompiler_rt.dylib
0x00007ff81fe6c000 	/usr/lib/system/libcopyfile.dylib
0x00007ff814eb2000 	/usr/lib/system/libcorecrypto.dylib
0x00007ff814f71000 	/usr/lib/system/libdispatch.dylib
0x00007ff815130000 	/usr/lib/system/libdyld.dylib
0x00007ff81fe88000 	/usr/lib/system/libkeymgr.dylib
0x00007ff81fe2b000 	/usr/lib/system/libmacho.dylib
0x00007ff81f4bb000 	/usr/lib/system/libquarantine.dylib
0x00007ff81fe86000 	/usr/lib/system/libremovefile.dylib
0x00007ff81a094000 	/usr/lib/system/libsystem_asl.dylib
0x00007ff814e60000 	/usr/lib/system/libsystem_blocks.dylib
0x00007ff814ff5000 	/usr/lib/system/libsystem_c.dylib
0x00007ff81fe7e000 	/usr/lib/system/libsystem_collections.dylib
0x00007ff81e763000 	/usr/lib/system/libsystem_configuration.dylib
0x00007ff81da24000 	/usr/lib/system/libsystem_containermanager.dylib
0x00007ff81fb68000 	/usr/lib/system/libsystem_coreservices.dylib
0x00007ff81775a000 	/usr/lib/system/libsystem_darwin.dylib
0x00007ff81fe89000 	/usr/lib/system/libsystem_dnssd.dylib
0x00007ff814ff2000 	/usr/lib/system/libsystem_featureflags.dylib
0x00007ff815146000 	/usr/lib/system/libsystem_info.dylib
0x00007ff81fdc9000 	/usr/lib/system/libsystem_m.dylib
0x00007ff814f45000 	/usr/lib/system/libsystem_malloc.dylib
0x00007ff81a031000 	/usr/lib/system/libsystem_networkextension.dylib
0x00007ff817b82000 	/usr/lib/system/libsystem_notify.dylib
0x00007ff826005000 	/usr/lib/system/libsystem_product_info_filter.dylib
0x00007ff81e767000 	/usr/lib/system/libsystem_sandbox.dylib
0x00007ff81fe83000 	/usr/lib/system/libsystem_secinit.dylib
0x00007ff8150ed000 	/usr/lib/system/libsystem_kernel.dylib
0x00007ff81513c000 	/usr/lib/system/libsystem_platform.dylib
0x00007ff815124000 	/usr/lib/system/libsystem_pthread.dylib
0x00007ff81b8e9000 	/usr/lib/system/libsystem_symptoms.dylib
0x00007ff814e99000 	/usr/lib/system/libsystem_trace.dylib
0x00007ff81fe59000 	/usr/lib/system/libunwind.dylib
0x00007ff814e62000 	/usr/lib/system/libxpc.dylib
0x00007ff8150d7000 	/usr/lib/libc++abi.dylib
0x00007ff81fe64000 	/usr/lib/liboah.dylib
0x00007ff8205f1000 	/usr/lib/liblzma.5.dylib
0x00007ff815d08000 	/System/Library/Frameworks/SystemConfiguration.framework/Versions/A/SystemConfiguration
0x00007ff81fe98000 	/usr/lib/libfakelink.dylib
0x00007ff819b9a000 	/System/Library/Frameworks/CFNetwork.framework/Versions/A/CFNetwork
0x00007ff81ffd7000 	/usr/lib/libarchive.2.dylib
0x00007ff81e76e000 	/System/Library/PrivateFrameworks/AppleSystemInfo.framework/Versions/A/AppleSystemInfo
0x00007ff81f4e2000 	/usr/lib/libbsm.0.dylib
0x00007ff8191d0000 	/usr/lib/libnetwork.dylib
0x00007ff81fe31000 	/usr/lib/system/libkxld.dylib
0x00007ff81f110000 	/System/Library/PrivateFrameworks/IOMobileFramebuffer.framework/Versions/A/IOMobileFramebuffer
0x00007ffb2ab8a000 	/usr/lib/libCoreEntitlements.dylib
0x00007ff81fb4a000 	/System/Library/PrivateFrameworks/AppleFSCompression.framework/Versions/A/AppleFSCompression
0x00007ff81f4ca000 	/usr/lib/libcoretls.dylib
0x00007ff82060b000 	/usr/lib/libcoretls_cfhelpers.dylib
0x00007ff82011b000 	/usr/lib/libpam.2.dylib
0x00007ff81b50b000 	/usr/lib/libsqlite3.dylib
0x00007ff82067a000 	/usr/lib/libxar.1.dylib
0x00007ff81fb5a000 	/usr/lib/libbz2.1.0.dylib
0x00007ff81fe9d000 	/usr/lib/libpcap.A.dylib
0x00007ff81b8e0000 	/usr/lib/libdns_services.dylib
0x00007ff8200ea000 	/usr/lib/libapple_nghttp2.dylib
0x00007ff81fed4000 	/usr/lib/libiconv.2.dylib
0x00007ff81fe2a000 	/usr/lib/libcharset.1.dylib
0x00007ff81c807000 	/System/Library/Frameworks/CoreServices.framework/Versions/A/Frameworks/FSEvents.framework/Versions/A/FSEvents
0x00007ff817764000 	/System/Library/Frameworks/CoreServices.framework/Versions/A/Frameworks/CarbonCore.framework/Versions/A/CarbonCore
0x00007ff81bb23000 	/System/Library/Frameworks/CoreServices.framework/Versions/A/Frameworks/Metadata.framework/Versions/A/Metadata
0x00007ff81fb6d000 	/System/Library/Frameworks/CoreServices.framework/Versions/A/Frameworks/OSServices.framework/Versions/A/OSServices
0x00007ff82005e000 	/System/Library/Frameworks/CoreServices.framework/Versions/A/Frameworks/SearchKit.framework/Versions/A/SearchKit
0x00007ff81b872000 	/System/Library/Frameworks/CoreServices.framework/Versions/A/Frameworks/AE.framework/Versions/A/AE
0x00007ff815674000 	/System/Library/Frameworks/CoreServices.framework/Versions/A/Frameworks/LaunchServices.framework/Versions/A/LaunchServices
0x00007ff8205a2000 	/System/Library/Frameworks/CoreServices.framework/Versions/A/Frameworks/DictionaryServices.framework/Versions/A/DictionaryServices
0x00007ff81c814000 	/System/Library/Frameworks/CoreServices.framework/Versions/A/Frameworks/SharedFileList.framework/Versions/A/SharedFileList
0x00007ff81f4be000 	/usr/lib/libCheckFix.dylib
0x00007ff81a0ab000 	/System/Library/PrivateFrameworks/TCC.framework/Versions/A/TCC
0x00007ff81e774000 	/System/Library/PrivateFrameworks/CoreNLP.framework/Versions/A/CoreNLP
0x00007ff81bad3000 	/System/Library/PrivateFrameworks/MetadataUtilities.framework/Versions/A/MetadataUtilities
0x00007ff815db8000 	/usr/lib/libmecabra.dylib
0x00007ff81f4f2000 	/usr/lib/libmecab.dylib
0x00007ff815d83000 	/usr/lib/libCRFSuite.dylib
0x00007ff81f54f000 	/usr/lib/libgermantok.dylib
0x00007ff8200c5000 	/usr/lib/libThaiTokenizer.dylib
0x00007ff81bbc5000 	/System/Library/Frameworks/Accelerate.framework/Versions/A/Frameworks/vImage.framework/Versions/A/vImage
0x00007ff826107000 	/System/Library/Frameworks/Accelerate.framework/Versions/A/Frameworks/vecLib.framework/Versions/A/vecLib
0x00007ff8206bb000 	/System/Library/Frameworks/Accelerate.framework/Versions/A/Frameworks/vecLib.framework/Versions/A/libvMisc.dylib
0x00007ff81ef2e000 	/System/Library/Frameworks/Accelerate.framework/Versions/A/Frameworks/vecLib.framework/Versions/A/libvDSP.dylib
0x00007ff8159ec000 	/System/Library/Frameworks/Accelerate.framework/Versions/A/Frameworks/vecLib.framework/Versions/A/libBLAS.dylib
0x00007ff8201fc000 	/System/Library/Frameworks/Accelerate.framework/Versions/A/Frameworks/vecLib.framework/Versions/A/libLAPACK.dylib
0x00007ff81f552000 	/System/Library/Frameworks/Accelerate.framework/Versions/A/Frameworks/vecLib.framework/Versions/A/libLinearAlgebra.dylib
0x00007ff820103000 	/System/Library/Frameworks/Accelerate.framework/Versions/A/Frameworks/vecLib.framework/Versions/A/libSparseBLAS.dylib
0x00007ff8201f6000 	/System/Library/Frameworks/Accelerate.framework/Versions/A/Frameworks/vecLib.framework/Versions/A/libQuadrature.dylib
0x00007ff81e85e000 	/System/Library/Frameworks/Accelerate.framework/Versions/A/Frameworks/vecLib.framework/Versions/A/libBNNS.dylib
0x00007ff815c99000 	/System/Library/Frameworks/Accelerate.framework/Versions/A/Frameworks/vecLib.framework/Versions/A/libSparse.dylib
0x00007ff81e857000 	/System/Library/PrivateFrameworks/LinguisticData.framework/Versions/A/LinguisticData
0x00007ff815c4e000 	/System/Library/PrivateFrameworks/Lexicon.framework/Versions/A/Lexicon
0x00007ff8206b4000 	/usr/lib/libChineseTokenizer.dylib
0x00007ff8163b2000 	/System/Library/PrivateFrameworks/LanguageModeling.framework/Versions/A/LanguageModeling
0x00007ff8200c7000 	/System/Library/PrivateFrameworks/AppleSauce.framework/Versions/A/AppleSauce
0x00007ff81f0fe000 	/System/Library/PrivateFrameworks/CoreEmoji.framework/Versions/A/CoreEmoji
0x00007ff81ffc6000 	/usr/lib/libcmph.dylib
0x00007ff81c7eb000 	/System/Library/Frameworks/OpenDirectory.framework/Versions/A/Frameworks/CFOpenDirectory.framework/Versions/A/CFOpenDirectory
0x00007ff81c7df000 	/System/Library/Frameworks/OpenDirectory.framework/Versions/A/OpenDirectory
0x00007ff82060d000 	/System/Library/PrivateFrameworks/APFS.framework/Versions/A/APFS
0x00007ff81f41f000 	/System/Library/Frameworks/SecurityFoundation.framework/Versions/A/SecurityFoundation
0x00007ff820688000 	/usr/lib/libutil.dylib
0x00007ff817a8f000 	/System/Library/PrivateFrameworks/CoreServicesStore.framework/Versions/A/CoreServicesStore
0x00007ff82068c000 	/usr/lib/libxslt.1.dylib
0x00007ff81f4ac000 	/System/Library/PrivateFrameworks/BackgroundTaskManagement.framework/Versions/A/BackgroundTaskManagement
0x00007ff821afc000 	/System/Library/Frameworks/ImageIO.framework/Versions/A/Resources/libRadiance.dylib
0x00007ff821b05000 	/System/Library/Frameworks/ImageIO.framework/Versions/A/Resources/libJPEG.dylib
0x00007ff821a55000 	/System/Library/Frameworks/ImageIO.framework/Versions/A/Resources/libPng.dylib
0x00007ff821a76000 	/System/Library/Frameworks/ImageIO.framework/Versions/A/Resources/libTIFF.dylib
0x00007ff821b65000 	/System/Library/Frameworks/ImageIO.framework/Versions/A/Resources/libGIF.dylib
0x00007ff821386000 	/System/Library/Frameworks/ImageIO.framework/Versions/A/Resources/libJP2.dylib
0x00007ff820ac8000 	/usr/lib/libexpat.1.dylib
0x00007ff82133b000 	/System/Library/PrivateFrameworks/AppleJPEG.framework/Versions/A/AppleJPEG
0x00007ff81dcb7000 	/System/Library/PrivateFrameworks/FontServices.framework/libFontParser.dylib
0x00007ff81b81c000 	/System/Library/PrivateFrameworks/RunningBoardServices.framework/Versions/A/RunningBoardServices
0x00007ff82c2d5000 	/System/Library/PrivateFrameworks/IOSurfaceAccelerator.framework/Versions/A/IOSurfaceAccelerator
0x00007ff821469000 	/System/Library/PrivateFrameworks/WatchdogClient.framework/Versions/A/WatchdogClient
0x00007ff8164a1000 	/System/Library/Frameworks/CoreDisplay.framework/Versions/A/CoreDisplay
0x00007ff81dbb6000 	/System/Library/Frameworks/CoreMedia.framework/Versions/A/CoreMedia
0x00007ff81da53000 	/System/Library/PrivateFrameworks/IOAccelerator.framework/Versions/A/IOAccelerator
0x00007ff81c967000 	/System/Library/Frameworks/CoreVideo.framework/Versions/A/CoreVideo
0x00007ff820119000 	/System/Library/Frameworks/MetalPerformanceShaders.framework/Versions/A/MetalPerformanceShaders
0x00007ff8214a4000 	/System/Library/Frameworks/VideoToolbox.framework/Versions/A/VideoToolbox
0x00007ff81b764000 	/System/Library/PrivateFrameworks/BaseBoard.framework/Versions/A/BaseBoard
0x00007ff81b4f1000 	/System/Library/PrivateFrameworks/ProtocolBuffer.framework/Versions/A/ProtocolBuffer
0x00007ff821af5000 	/System/Library/PrivateFrameworks/GPUWrangler.framework/Versions/A/GPUWrangler
0x00007ff821ad8000 	/System/Library/PrivateFrameworks/IOPresentment.framework/Versions/A/IOPresentment
0x00007ff821aff000 	/System/Library/PrivateFrameworks/DSExternalDisplay.framework/Versions/A/DSExternalDisplay
0x00007ffa2cdd0000 	/System/Library/Frameworks/OpenGL.framework/Versions/A/Libraries/libCoreFSCache.dylib
0x00007ffb18e74000 	/System/Library/PrivateFrameworks/GPUCompiler.framework/Versions/31001/Libraries/libGPUCompilerUtils.dylib
0x00007ff821b6a000 	/System/Library/PrivateFrameworks/CMCaptureCore.framework/Versions/A/CMCaptureCore
0x00007ff821074000 	/System/Library/PrivateFrameworks/AppServerSupport.framework/Versions/A/AppServerSupport
0x00007ff823251000 	/System/Library/PrivateFrameworks/perfdata.framework/Versions/A/perfdata
0x00007ff8165cd000 	/System/Library/PrivateFrameworks/AudioToolboxCore.framework/Versions/A/AudioToolboxCore
0x00007ff81db93000 	/System/Library/PrivateFrameworks/caulk.framework/Versions/A/caulk
0x00007ff822b75000 	/usr/lib/libAudioStatistics.dylib
0x00007ff919ea2000 	/System/Library/PrivateFrameworks/SystemPolicy.framework/Versions/A/SystemPolicy
0x00007ff822dca000 	/usr/lib/libSMC.dylib
0x00007ff82bc0e000 	/System/Library/Frameworks/CoreMIDI.framework/Versions/A/CoreMIDI
0x00007ff821a25000 	/usr/lib/libAudioToolboxUtility.dylib
0x00007ff9162b4000 	/System/Library/PrivateFrameworks/OSAServicesClient.framework/Versions/A/OSAServicesClient
0x00007ff82325e000 	/usr/lib/libperfcheck.dylib
0x00007ff91a934000 	/usr/lib/libmis.dylib
0x00007ffa2ce2c000 	/System/Library/Frameworks/OpenGL.framework/Versions/A/Libraries/libGLU.dylib
0x00007ffa2cdef000 	/System/Library/Frameworks/OpenGL.framework/Versions/A/Libraries/libGFXShared.dylib
0x00007ffa2cffd000 	/System/Library/Frameworks/OpenGL.framework/Versions/A/Libraries/libGL.dylib
0x00007ffa2cdf8000 	/System/Library/Frameworks/OpenGL.framework/Versions/A/Libraries/libGLImage.dylib
0x00007ffa2cdec000 	/System/Library/Frameworks/OpenGL.framework/Versions/A/Libraries/libCVMSPluginSupport.dylib
0x00007ffa2cdd7000 	/System/Library/Frameworks/OpenGL.framework/Versions/A/Libraries/libCoreVMClient.dylib
0x00007ff81e6f2000 	/System/Library/Frameworks/MetalPerformanceShaders.framework/Versions/A/Frameworks/MPSCore.framework/Versions/A/MPSCore
0x00007ff81fab5000 	/System/Library/Frameworks/MetalPerformanceShaders.framework/Versions/A/Frameworks/MPSImage.framework/Versions/A/MPSImage
0x00007ff81f568000 	/System/Library/Frameworks/MetalPerformanceShaders.framework/Versions/A/Frameworks/MPSNeuralNetwork.framework/Versions/A/MPSNeuralNetwork
0x00007ff81f9dd000 	/System/Library/Frameworks/MetalPerformanceShaders.framework/Versions/A/Frameworks/MPSMatrix.framework/Versions/A/MPSMatrix
0x00007ff81f799000 	/System/Library/Frameworks/MetalPerformanceShaders.framework/Versions/A/Frameworks/MPSRayIntersector.framework/Versions/A/MPSRayIntersector
0x00007ff81fa16000 	/System/Library/Frameworks/MetalPerformanceShaders.framework/Versions/A/Frameworks/MPSNDArray.framework/Versions/A/MPSNDArray
0x00007ffa319ee000 	/System/Library/Frameworks/MetalPerformanceShaders.framework/Versions/A/Frameworks/MPSFunctions.framework/Versions/A/MPSFunctions
0x00007ff8158cf000 	/System/Library/PrivateFrameworks/MetalTools.framework/Versions/A/MetalTools
0x00007ff81e76c000 	/System/Library/PrivateFrameworks/AggregateDictionary.framework/Versions/A/AggregateDictionary
0x00007ff8208aa000 	/usr/lib/libIOReport.dylib
0x00007ffa2e40c000 	/System/Library/Frameworks/OpenCL.framework/Versions/A/OpenCL
0x00007ff820c0e000 	/System/Library/PrivateFrameworks/FaceCore.framework/Versions/A/FaceCore
0x00007ff820bff000 	/System/Library/PrivateFrameworks/GraphVisualizer.framework/Versions/A/GraphVisualizer
0x00007ffb18d7f000 	/System/Library/PrivateFrameworks/FontServices.framework/Versions/A/FontServices
0x00007ff82102b000 	/System/Library/PrivateFrameworks/OTSVG.framework/Versions/A/OTSVG
0x00007ff81c54f000 	/System/Library/Frameworks/ApplicationServices.framework/Versions/A/Frameworks/ATS.framework/Versions/A/Resources/libFontRegistry.dylib
0x00007ff82107c000 	/System/Library/PrivateFrameworks/FontServices.framework/libhvf.dylib
0x00007ffb18d80000 	/System/Library/PrivateFrameworks/FontServices.framework/libXTFontStaticRegistryData.dylib
0x00007ff820a78000 	/System/Library/PrivateFrameworks/AppleVA.framework/Versions/A/AppleVA
0x00007ff822b99000 	/System/Library/Frameworks/ApplicationServices.framework/Versions/A/Frameworks/ATS.framework/Versions/A/ATS
0x00007ff81ac1f000 	/System/Library/Frameworks/ApplicationServices.framework/Versions/A/Frameworks/HIServices.framework/Versions/A/HIServices
0x00007ff821b74000 	/System/Library/Frameworks/ApplicationServices.framework/Versions/A/Frameworks/PrintCore.framework/Versions/A/PrintCore
0x00007ff822f1d000 	/System/Library/Frameworks/ApplicationServices.framework/Versions/A/Frameworks/QD.framework/Versions/A/QD
0x00007ff822f15000 	/System/Library/Frameworks/ApplicationServices.framework/Versions/A/Frameworks/ColorSyncLegacy.framework/Versions/A/ColorSyncLegacy
0x00007ff822b89000 	/System/Library/Frameworks/ApplicationServices.framework/Versions/A/Frameworks/SpeechSynthesis.framework/Versions/A/SpeechSynthesis
0x00007ff821b35000 	/System/Library/Frameworks/ApplicationServices.framework/Versions/A/Frameworks/ATSUI.framework/Versions/A/ATSUI
0x00007ff822eaa000 	/usr/lib/libcups.2.dylib
0x00007ff82326d000 	/System/Library/Frameworks/Kerberos.framework/Versions/A/Kerberos
0x00007ff82327c000 	/System/Library/Frameworks/GSS.framework/Versions/A/GSS
0x00007ff822c05000 	/usr/lib/libresolv.9.dylib
0x00007ff82108b000 	/System/Library/PrivateFrameworks/Heimdal.framework/Versions/A/Heimdal
0x00007ff829d65000 	/System/Library/Frameworks/Kerberos.framework/Versions/A/Libraries/libHeimdalProxy.dylib
0x00007ff81b8f1000 	/System/Library/Frameworks/Network.framework/Versions/A/Network
0x00007ff820ae2000 	/usr/lib/libheimdal-asn1.dylib
0x00007ff8232c8000 	/System/Library/PrivateFrameworks/CommonAuth.framework/Versions/A/CommonAuth
0x00007ff822b06000 	/System/Library/PrivateFrameworks/AudioSession.framework/Versions/A/AudioSession
0x00007ff820b72000 	/System/Library/PrivateFrameworks/MediaExperience.framework/Versions/A/MediaExperience
0x00007ff82299a000 	/System/Library/PrivateFrameworks/AudioSession.framework/libSessionUtility.dylib
0x00007ff822f29000 	/System/Library/PrivateFrameworks/AudioResourceArbitration.framework/Versions/A/AudioResourceArbitration
0x00007ff826f1a000 	/System/Library/PrivateFrameworks/PowerLog.framework/Versions/A/PowerLog
0x00007ff820aeb000 	/System/Library/PrivateFrameworks/IconFoundation.framework/Versions/A/IconFoundation
0x00007ff825d34000 	/System/Library/PrivateFrameworks/SpeechRecognitionCore.framework/Versions/A/SpeechRecognitionCore
0x000000010b861000 	/Library/Java/JavaVirtualMachines/jdk-11.0.13.jdk/Contents/Home/lib/server/libjvm.dylib
0x000000010ab16000 	/Library/Java/JavaVirtualMachines/jdk-11.0.13.jdk/Contents/Home/lib/libverify.dylib
0x000000010ab52000 	/Library/Java/JavaVirtualMachines/jdk-11.0.13.jdk/Contents/Home/lib/libjava.dylib
0x000000010ab26000 	/Library/Java/JavaVirtualMachines/jdk-11.0.13.jdk/Contents/Home/lib/libjimage.dylib
0x000000010abba000 	/Library/Java/JavaVirtualMachines/jdk-11.0.13.jdk/Contents/Home/lib/libjdwp.dylib
0x000000010ab41000 	/Library/Java/JavaVirtualMachines/jdk-11.0.13.jdk/Contents/Home/lib/libinstrument.dylib
0x000000010ab7e000 	/Library/Java/JavaVirtualMachines/jdk-11.0.13.jdk/Contents/Home/lib/libzip.dylib
0x000000010b652000 	/Library/Java/JavaVirtualMachines/jdk-11.0.13.jdk/Contents/Home/lib/libnio.dylib
0x000000010b664000 	/Library/Java/JavaVirtualMachines/jdk-11.0.13.jdk/Contents/Home/lib/libnet.dylib
0x000000010aba5000 	/Library/Java/JavaVirtualMachines/jdk-11.0.13.jdk/Contents/Home/lib/libdt_socket.dylib
0x000000010b689000 	/Users/maratisaw/lib/javafx-sdk-11.0.2/lib/libprism_es2.dylib
0x00007ff817a50000 	/System/Library/PrivateFrameworks/CoreServicesInternal.framework/Versions/A/CoreServicesInternal
0x00007ffa2d008000 	/System/Library/Frameworks/OpenGL.framework/Versions/A/Resources/GLEngine.bundle/GLEngine
0x00007ffa2ce6a000 	/System/Library/Frameworks/OpenGL.framework/Versions/A/Libraries/libGLProgrammability.dylib
0x00007ffa24b3e000 	/System/Library/Extensions/AppleIntelBDWGraphicsGLDriver.bundle/Contents/MacOS/AppleIntelBDWGraphicsGLDriver
0x00007ff9247fd000 	/System/Library/PrivateFrameworks/GPUSupport.framework/Versions/A/Libraries/libGPUSupportMercury.dylib
0x00007ffa2d197000 	/System/Library/Frameworks/OpenGL.framework/Versions/A/Resources/GLRendererFloat.bundle/GLRendererFloat
0x000000012bc6a000 	/Users/maratisaw/lib/javafx-sdk-11.0.2/lib/libglass.dylib
0x00007ff82750b000 	/System/Library/Frameworks/FileProvider.framework/Versions/A/FileProvider
0x00007ff81b6d0000 	/System/Library/Frameworks/Accounts.framework/Versions/A/Accounts
0x00007ff827682000 	/System/Library/PrivateFrameworks/GenerationalStorage.framework/Versions/A/GenerationalStorage
0x00007ff828194000 	/System/Library/PrivateFrameworks/CoreSymbolication.framework/Versions/A/CoreSymbolication
0x00007ff826f0f000 	/System/Library/PrivateFrameworks/SymptomDiagnosticReporter.framework/Versions/A/SymptomDiagnosticReporter
0x00007ff818d11000 	/System/Library/PrivateFrameworks/DesktopServicesPriv.framework/Versions/A/DesktopServicesPriv
0x00007ff817b91000 	/usr/lib/libsandbox.1.dylib
0x00007ff81c9e6000 	/System/Library/PrivateFrameworks/UserManagement.framework/Versions/A/UserManagement
0x00007ff828159000 	/System/Library/PrivateFrameworks/DebugSymbols.framework/Versions/A/DebugSymbols
0x00007ff822f0a000 	/System/Library/PrivateFrameworks/NetAuth.framework/Versions/A/NetAuth
0x00007ff823df8000 	/System/Library/PrivateFrameworks/Sharing.framework/Versions/A/Sharing
0x00007ff81c9b9000 	/System/Library/PrivateFrameworks/login.framework/Versions/A/Frameworks/loginsupport.framework/Versions/A/loginsupport
0x00007ff829299000 	/System/Library/PrivateFrameworks/Apple80211.framework/Versions/A/Apple80211
0x00007ff81fb9a000 	/System/Library/PrivateFrameworks/AuthKit.framework/Versions/A/AuthKit
0x00007ff81f1f4000 	/System/Library/PrivateFrameworks/CoreUtils.framework/Versions/A/CoreUtils
0x00007ff81f11b000 	/System/Library/Frameworks/CoreWLAN.framework/Versions/A/CoreWLAN
0x00007ff823f53000 	/System/Library/Frameworks/IOBluetooth.framework/Versions/A/IOBluetooth
0x00007ff829301000 	/System/Library/PrivateFrameworks/CoreWiFi.framework/Versions/A/CoreWiFi
0x00007ff827d2e000 	/System/Library/PrivateFrameworks/FrontBoardServices.framework/Versions/A/FrontBoardServices
0x00007ff827dc0000 	/System/Library/PrivateFrameworks/BoardServices.framework/Versions/A/BoardServices
0x00007ff81f40e000 	/System/Library/PrivateFrameworks/AssertionServices.framework/Versions/A/AssertionServices
0x00007ff829485000 	/System/Library/PrivateFrameworks/BackBoardServices.framework/Versions/A/BackBoardServices
0x00007ff823357000 	/System/Library/PrivateFrameworks/CorePhoneNumbers.framework/Versions/A/CorePhoneNumbers
0x00007ff82702c000 	/System/Library/PrivateFrameworks/DiskManagement.framework/Versions/A/DiskManagement
0x00007ff826f40000 	/System/Library/PrivateFrameworks/AppleIDAuthSupport.framework/Versions/A/AppleIDAuthSupport
0x00007ffa33984000 	/System/Library/PrivateFrameworks/AAAFoundation.framework/Versions/A/AAAFoundation
0x00007ff823338000 	/System/Library/PrivateFrameworks/KeychainCircle.framework/Versions/A/KeychainCircle
0x00007ff826ff8000 	/System/Library/PrivateFrameworks/MediaKit.framework/Versions/A/MediaKit
0x00007ff826f4c000 	/System/Library/Frameworks/DiscRecording.framework/Versions/A/DiscRecording
0x00007ff8209f0000 	/usr/lib/libCoreStorage.dylib
0x00007ff829774000 	/usr/lib/libcsfde.dylib
0x00007ff824020000 	/System/Library/PrivateFrameworks/ProtectedCloudStorage.framework/Versions/A/ProtectedCloudStorage
0x00007ff829770000 	/System/Library/PrivateFrameworks/EFILogin.framework/Versions/A/EFILogin
0x00007ff8276a8000 	/System/Library/PrivateFrameworks/OctagonTrust.framework/Versions/A/OctagonTrust
0x00007ffb180a1000 	/System/Library/PrivateFrameworks/CoreUtilsExtras.framework/Versions/A/CoreUtilsExtras
0x00007ff826e82000 	/System/Library/Frameworks/CoreBluetooth.framework/Versions/A/CoreBluetooth
0x00007ff829dea000 	/System/Library/Frameworks/AudioUnit.framework/Versions/A/AudioUnit
0x00007ff8209e8000 	/usr/lib/libMatch.1.dylib
0x00007ff91ed83000 	/System/Library/Frameworks/Accelerate.framework/Versions/A/Frameworks/vImage.framework/Versions/A/Libraries/libCGInterfaces.dylib
0x000000012d7c3000 	/usr/lib/libobjc-trampolines.dylib
0x00007ff81c6df000 	/System/Library/PrivateFrameworks/ViewBridge.framework/Versions/A/ViewBridge
0x00007ffb2ac98000 	/usr/lib/libRosetta.dylib
0x00007ffa3403e000 	/System/Library/PrivateFrameworks/AccessibilityBundles.framework/Versions/A/AccessibilityBundles
0x0000000130de8000 	/Users/maratisaw/lib/javafx-sdk-11.0.2/lib/libjavafx_font.dylib
0x00007ff821145000 	/System/Library/PrivateFrameworks/login.framework/Versions/A/login


VM Arguments:
jvm_args: -agentlib:jdwp=transport=dt_socket,suspend=y,address=localhost:53741 --module-path=/Users/maratisaw/lib/javafx-sdk-11.0.2/lib --add-modules=javafx.controls,javafx.fxml -javaagent:/Applications/Eclipse Java.app/Contents/Eclipse/configuration/org.eclipse.osgi/212/0/.cp/lib/javaagent-shaded.jar -Dfile.encoding=UTF-8 
java_command: pkgMain.MainApp
java_class_path (initial): /Users/maratisaw/School/3AHIF/pos-java/FX_CarV4/bin:/Users/maratisaw/lib/javafx-sdk-11.0.2/lib/javafx.base.jar:/Users/maratisaw/lib/javafx-sdk-11.0.2/lib/javafx.controls.jar:/Users/maratisaw/lib/javafx-sdk-11.0.2/lib/javafx.fxml.jar:/Users/maratisaw/lib/javafx-sdk-11.0.2/lib/javafx.graphics.jar:/Users/maratisaw/lib/javafx-sdk-11.0.2/lib/javafx.media.jar:/Users/maratisaw/lib/javafx-sdk-11.0.2/lib/javafx.swing.jar:/Users/maratisaw/lib/javafx-sdk-11.0.2/lib/javafx.web.jar:/Users/maratisaw/School/3AHIF/pos-java/FX_CarV4/libs/gson-2.5.jar:/Users/maratisaw/School/3AHIF/pos-java/FX_CarV4/libs/ojdbc8.jar
Launcher Type: SUN_STANDARD

[Global flags]
     intx CICompilerCount                          = 3                                         {product} {ergonomic}
     uint ConcGCThreads                            = 1                                         {product} {ergonomic}
     uint G1ConcRefinementThreads                  = 4                                         {product} {ergonomic}
   size_t G1HeapRegionSize                         = 1048576                                   {product} {ergonomic}
    uintx GCDrainStackTargetSize                   = 64                                        {product} {ergonomic}
   size_t InitialHeapSize                          = 134217728                                 {product} {ergonomic}
   size_t MarkStackSize                            = 4194304                                   {product} {ergonomic}
   size_t MaxHeapSize                              = 2147483648                                {product} {ergonomic}
   size_t MaxNewSize                               = 1287651328                                {product} {ergonomic}
   size_t MinHeapDeltaBytes                        = 1048576                                   {product} {ergonomic}
    uintx NonNMethodCodeHeapSize                   = 5830732                                {pd product} {ergonomic}
    uintx NonProfiledCodeHeapSize                  = 122913754                              {pd product} {ergonomic}
    uintx ProfiledCodeHeapSize                     = 122913754                              {pd product} {ergonomic}
    uintx ReservedCodeCacheSize                    = 251658240                              {pd product} {ergonomic}
     bool SegmentedCodeCache                       = true                                      {product} {ergonomic}
     bool UseCompressedClassPointers               = true                                 {lp64_product} {ergonomic}
     bool UseCompressedOops                        = true                                 {lp64_product} {ergonomic}
     bool UseG1GC                                  = true                                      {product} {ergonomic}

Logging:
Log output configuration:
 #0: stdout all=warning uptime,level,tags
 #1: stderr all=off uptime,level,tags

Environment Variables:
PATH=/usr/bin:/bin:/usr/sbin:/sbin
SHELL=/usr/local/bin/fish
DISPLAY=/private/tmp/com.apple.launchd.fBC6Xz2Tw4/org.xquartz:0

Signal Handlers:
SIGSEGV: [libjvm.dylib+0x787cc8], sa_mask[0]=11111111011111110111111111111111, sa_flags=SA_ONSTACK|SA_RESTART|SA_SIGINFO
SIGBUS: [libjvm.dylib+0x787cc8], sa_mask[0]=11111111011111110111111111111111, sa_flags=SA_RESTART|SA_SIGINFO
SIGFPE: [libjvm.dylib+0x787cc8], sa_mask[0]=11111111011111110111111111111111, sa_flags=SA_RESTART|SA_SIGINFO
SIGPIPE: [libjvm.dylib+0x63aa37], sa_mask[0]=11111111011111110111111111111111, sa_flags=SA_RESTART|SA_SIGINFO
SIGXFSZ: [libjvm.dylib+0x63aa37], sa_mask[0]=11111111011111110111111111111111, sa_flags=SA_RESTART|SA_SIGINFO
SIGILL: [libjvm.dylib+0x787cc8], sa_mask[0]=11111111011111110111111111111111, sa_flags=SA_RESTART|SA_SIGINFO
SIGUSR2: [libjvm.dylib+0x63b00c], sa_mask[0]=00100000000000000000000000000000, sa_flags=SA_RESTART|SA_SIGINFO
SIGHUP: [libjvm.dylib+0x639b0f], sa_mask[0]=11111111011111110111111111111111, sa_flags=SA_RESTART|SA_SIGINFO
SIGINT: [libjvm.dylib+0x639b0f], sa_mask[0]=11111111011111110111111111111111, sa_flags=SA_RESTART|SA_SIGINFO
SIGTERM: [libjvm.dylib+0x639b0f], sa_mask[0]=11111111011111110111111111111111, sa_flags=SA_RESTART|SA_SIGINFO
SIGQUIT: [libjvm.dylib+0x639b0f], sa_mask[0]=11111111011111110111111111111111, sa_flags=SA_RESTART|SA_SIGINFO


---------------  S Y S T E M  ---------------

OS:uname:Darwin 21.2.0 Darwin Kernel Version 21.2.0: Sun Nov 28 20:28:54 PST 2021; root:xnu-8019.61.5~1/RELEASE_X86_64 x86_64
rlimit: STACK 8192k, CORE 0k, NPROC 1392, NOFILE 10240, AS infinity, DATA infinity, FSIZE infinity
load average:2.45 2.99 2.99

CPU:total 4 (initial active 4) (4 cores per cpu, 1 threads per core) family 6 model 71 stepping 1 microcode 0x22, cmov, cx8, fxsr, mmx, sse, sse2, sse3, ssse3, sse4.1, sse4.2, popcnt, avx, avx2, aes, clmul, erms, rtm, 3dnowpref, lzcnt, tsc, tscinvbit, bmi1, bmi2, adx, fma

Memory: 4k page, physical 8388608k(49364k free)

vm_info: Java HotSpot(TM) 64-Bit Server VM (11.0.13+10-LTS-370) for bsd-amd64 JRE (11.0.13+10-LTS-370), built on Sep 15 2021 21:10:43 by "mach5one" with gcc 4.2.1 Compatible Apple LLVM 11.0.0 (clang-1100.0.33.17)

END.
